<?xml version="1.0" encoding="UTF-8"?>
<testsuite xmlns:xsi="http://www.w3.org/2001/XMLSchema-instance" xsi:noNamespaceSchemaLocation="https://maven.apache.org/surefire/maven-surefire-plugin/xsd/surefire-test-report.xsd" version="3.0.2" name="TestSuite" time="70.68" tests="8" errors="0" skipped="0" failures="1">
  <properties>
    <property name="java.specification.version" value="17"/>
    <property name="webdriver.chrome.driver" value="C:/Users/Yantrisnandra Akbar/Downloads/Selenium-AfterOffice/resources/chromedriver-win64/chromedriver-win64/chromedriver.exe"/>
    <property name="sun.cpu.isalist" value="amd64"/>
    <property name="sun.jnu.encoding" value="Cp1252"/>
    <property name="java.class.path" value="C:\Users\Yantrisnandra Akbar\Downloads\Selenium-AfterOffice\target\test-classes;C:\Users\Yantrisnandra Akbar\Downloads\Selenium-AfterOffice\target\classes;C:\Users\Yantrisnandra Akbar\.m2\repository\org\testng\testng\7.11.0\testng-7.11.0.jar;C:\Users\Yantrisnandra Akbar\.m2\repository\org\slf4j\slf4j-api\2.0.16\slf4j-api-2.0.16.jar;C:\Users\Yantrisnandra Akbar\.m2\repository\org\jcommander\jcommander\1.83\jcommander-1.83.jar;C:\Users\Yantrisnandra Akbar\.m2\repository\org\webjars\jquery\3.7.1\jquery-3.7.1.jar;C:\Users\Yantrisnandra Akbar\.m2\repository\io\rest-assured\rest-assured\5.5.5\rest-assured-5.5.5.jar;C:\Users\Yantrisnandra Akbar\.m2\repository\org\apache\groovy\groovy\4.0.22\groovy-4.0.22.jar;C:\Users\Yantrisnandra Akbar\.m2\repository\org\apache\groovy\groovy-xml\4.0.22\groovy-xml-4.0.22.jar;C:\Users\Yantrisnandra Akbar\.m2\repository\org\apache\httpcomponents\httpclient\4.5.13\httpclient-4.5.13.jar;C:\Users\Yantrisnandra Akbar\.m2\repository\org\apache\httpcomponents\httpcore\4.4.13\httpcore-4.4.13.jar;C:\Users\Yantrisnandra Akbar\.m2\repository\commons-logging\commons-logging\1.2\commons-logging-1.2.jar;C:\Users\Yantrisnandra Akbar\.m2\repository\commons-codec\commons-codec\1.11\commons-codec-1.11.jar;C:\Users\Yantrisnandra Akbar\.m2\repository\org\apache\httpcomponents\httpmime\4.5.13\httpmime-4.5.13.jar;C:\Users\Yantrisnandra Akbar\.m2\repository\org\hamcrest\hamcrest\2.2\hamcrest-2.2.jar;C:\Users\Yantrisnandra Akbar\.m2\repository\org\ccil\cowan\tagsoup\tagsoup\1.2.1\tagsoup-1.2.1.jar;C:\Users\Yantrisnandra Akbar\.m2\repository\io\rest-assured\json-path\5.5.5\json-path-5.5.5.jar;C:\Users\Yantrisnandra Akbar\.m2\repository\org\apache\groovy\groovy-json\4.0.22\groovy-json-4.0.22.jar;C:\Users\Yantrisnandra Akbar\.m2\repository\io\rest-assured\rest-assured-common\5.5.5\rest-assured-common-5.5.5.jar;C:\Users\Yantrisnandra Akbar\.m2\repository\io\rest-assured\xml-path\5.5.5\xml-path-5.5.5.jar;C:\Users\Yantrisnandra Akbar\.m2\repository\io\rest-assured\json-schema-validator\5.5.5\json-schema-validator-5.5.5.jar;C:\Users\Yantrisnandra Akbar\.m2\repository\com\github\java-json-tools\json-schema-validator\2.2.14\json-schema-validator-2.2.14.jar;C:\Users\Yantrisnandra Akbar\.m2\repository\com\github\java-json-tools\jackson-coreutils-equivalence\1.0\jackson-coreutils-equivalence-1.0.jar;C:\Users\Yantrisnandra Akbar\.m2\repository\com\github\java-json-tools\jackson-coreutils\2.0\jackson-coreutils-2.0.jar;C:\Users\Yantrisnandra Akbar\.m2\repository\com\github\java-json-tools\msg-simple\1.2\msg-simple-1.2.jar;C:\Users\Yantrisnandra Akbar\.m2\repository\com\github\java-json-tools\btf\1.3\btf-1.3.jar;C:\Users\Yantrisnandra Akbar\.m2\repository\com\github\java-json-tools\json-schema-core\1.2.14\json-schema-core-1.2.14.jar;C:\Users\Yantrisnandra Akbar\.m2\repository\com\github\java-json-tools\uri-template\0.10\uri-template-0.10.jar;C:\Users\Yantrisnandra Akbar\.m2\repository\org\mozilla\rhino\1.7.7.2\rhino-1.7.7.2.jar;C:\Users\Yantrisnandra Akbar\.m2\repository\com\sun\mail\mailapi\1.6.2\mailapi-1.6.2.jar;C:\Users\Yantrisnandra Akbar\.m2\repository\com\googlecode\libphonenumber\libphonenumber\8.11.1\libphonenumber-8.11.1.jar;C:\Users\Yantrisnandra Akbar\.m2\repository\com\google\code\findbugs\jsr305\3.0.2\jsr305-3.0.2.jar;C:\Users\Yantrisnandra Akbar\.m2\repository\net\sf\jopt-simple\jopt-simple\5.0.4\jopt-simple-5.0.4.jar;C:\Users\Yantrisnandra Akbar\.m2\repository\com\google\guava\guava\33.2.1-jre\guava-33.2.1-jre.jar;C:\Users\Yantrisnandra Akbar\.m2\repository\com\google\guava\failureaccess\1.0.2\failureaccess-1.0.2.jar;C:\Users\Yantrisnandra Akbar\.m2\repository\com\google\guava\listenablefuture\9999.0-empty-to-avoid-conflict-with-guava\listenablefuture-9999.0-empty-to-avoid-conflict-with-guava.jar;C:\Users\Yantrisnandra Akbar\.m2\repository\org\checkerframework\checker-qual\3.42.0\checker-qual-3.42.0.jar;C:\Users\Yantrisnandra Akbar\.m2\repository\com\google\errorprone\error_prone_annotations\2.26.1\error_prone_annotations-2.26.1.jar;C:\Users\Yantrisnandra Akbar\.m2\repository\com\google\j2objc\j2objc-annotations\3.0.0\j2objc-annotations-3.0.0.jar;C:\Users\Yantrisnandra Akbar\.m2\repository\com\fasterxml\jackson\core\jackson-databind\2.19.1\jackson-databind-2.19.1.jar;C:\Users\Yantrisnandra Akbar\.m2\repository\com\fasterxml\jackson\core\jackson-annotations\2.19.1\jackson-annotations-2.19.1.jar;C:\Users\Yantrisnandra Akbar\.m2\repository\com\fasterxml\jackson\core\jackson-core\2.19.1\jackson-core-2.19.1.jar;C:\Users\Yantrisnandra Akbar\.m2\repository\io\cucumber\cucumber-java\7.23.0\cucumber-java-7.23.0.jar;C:\Users\Yantrisnandra Akbar\.m2\repository\io\cucumber\cucumber-core\7.23.0\cucumber-core-7.23.0.jar;C:\Users\Yantrisnandra Akbar\.m2\repository\io\cucumber\cucumber-gherkin\7.23.0\cucumber-gherkin-7.23.0.jar;C:\Users\Yantrisnandra Akbar\.m2\repository\io\cucumber\cucumber-gherkin-messages\7.23.0\cucumber-gherkin-messages-7.23.0.jar;C:\Users\Yantrisnandra Akbar\.m2\repository\io\cucumber\gherkin\32.1.1\gherkin-32.1.1.jar;C:\Users\Yantrisnandra Akbar\.m2\repository\io\cucumber\messages\27.2.0\messages-27.2.0.jar;C:\Users\Yantrisnandra Akbar\.m2\repository\io\cucumber\testng-xml-formatter\0.3.1\testng-xml-formatter-0.3.1.jar;C:\Users\Yantrisnandra Akbar\.m2\repository\io\cucumber\query\13.5.0\query-13.5.0.jar;C:\Users\Yantrisnandra Akbar\.m2\repository\io\cucumber\tag-expressions\6.1.2\tag-expressions-6.1.2.jar;C:\Users\Yantrisnandra Akbar\.m2\repository\io\cucumber\cucumber-expressions\18.0.1\cucumber-expressions-18.0.1.jar;C:\Users\Yantrisnandra Akbar\.m2\repository\io\cucumber\datatable\7.23.0\datatable-7.23.0.jar;C:\Users\Yantrisnandra Akbar\.m2\repository\io\cucumber\cucumber-plugin\7.23.0\cucumber-plugin-7.23.0.jar;C:\Users\Yantrisnandra Akbar\.m2\repository\io\cucumber\docstring\7.23.0\docstring-7.23.0.jar;C:\Users\Yantrisnandra Akbar\.m2\repository\io\cucumber\html-formatter\21.10.1\html-formatter-21.10.1.jar;C:\Users\Yantrisnandra Akbar\.m2\repository\io\cucumber\junit-xml-formatter\0.7.1\junit-xml-formatter-0.7.1.jar;C:\Users\Yantrisnandra Akbar\.m2\repository\io\cucumber\ci-environment\10.0.1\ci-environment-10.0.1.jar;C:\Users\Yantrisnandra Akbar\.m2\repository\org\apiguardian\apiguardian-api\1.1.2\apiguardian-api-1.1.2.jar;C:\Users\Yantrisnandra Akbar\.m2\repository\io\cucumber\cucumber-testng\7.23.0\cucumber-testng-7.23.0.jar;C:\Users\Yantrisnandra Akbar\.m2\repository\org\projectlombok\lombok\1.18.38\lombok-1.18.38.jar;C:\Users\Yantrisnandra Akbar\.m2\repository\net\masterthought\cucumber-reporting\5.7.0\cucumber-reporting-5.7.0.jar;C:\Users\Yantrisnandra Akbar\.m2\repository\com\fasterxml\jackson\datatype\jackson-datatype-jsr310\2.13.0\jackson-datatype-jsr310-2.13.0.jar;C:\Users\Yantrisnandra Akbar\.m2\repository\org\apache\velocity\velocity-engine-core\2.3\velocity-engine-core-2.3.jar;C:\Users\Yantrisnandra Akbar\.m2\repository\commons-collections\commons-collections\3.2.2\commons-collections-3.2.2.jar;C:\Users\Yantrisnandra Akbar\.m2\repository\joda-time\joda-time\2.10.10\joda-time-2.10.10.jar;C:\Users\Yantrisnandra Akbar\.m2\repository\org\apache\commons\commons-lang3\3.12.0\commons-lang3-3.12.0.jar;C:\Users\Yantrisnandra Akbar\.m2\repository\commons-io\commons-io\2.7\commons-io-2.7.jar;C:\Users\Yantrisnandra Akbar\.m2\repository\org\codehaus\plexus\plexus-utils\3.3.0\plexus-utils-3.3.0.jar;C:\Users\Yantrisnandra Akbar\.m2\repository\org\jsoup\jsoup\1.14.2\jsoup-1.14.2.jar;C:\Users\Yantrisnandra Akbar\.m2\repository\com\googlecode\owasp-java-html-sanitizer\owasp-java-html-sanitizer\20211018.2\owasp-java-html-sanitizer-20211018.2.jar;C:\Users\Yantrisnandra Akbar\.m2\repository\commons-configuration\commons-configuration\1.10\commons-configuration-1.10.jar;C:\Users\Yantrisnandra Akbar\.m2\repository\commons-lang\commons-lang\2.6\commons-lang-2.6.jar;C:\Users\Yantrisnandra Akbar\.m2\repository\io\github\cdimascio\dotenv-java\3.0.0\dotenv-java-3.0.0.jar;C:\Users\Yantrisnandra Akbar\.m2\repository\io\cucumber\cucumber-junit\7.21.1\cucumber-junit-7.21.1.jar;C:\Users\Yantrisnandra Akbar\.m2\repository\junit\junit\4.13.2\junit-4.13.2.jar;C:\Users\Yantrisnandra Akbar\.m2\repository\org\hamcrest\hamcrest-core\1.3\hamcrest-core-1.3.jar;C:\Users\Yantrisnandra Akbar\.m2\repository\io\cucumber\cucumber-picocontainer\7.22.2\cucumber-picocontainer-7.22.2.jar;C:\Users\Yantrisnandra Akbar\.m2\repository\org\picocontainer\picocontainer\2.15.2\picocontainer-2.15.2.jar;C:\Users\Yantrisnandra Akbar\.m2\repository\org\seleniumhq\selenium\selenium-java\4.34.0\selenium-java-4.34.0.jar;C:\Users\Yantrisnandra Akbar\.m2\repository\org\seleniumhq\selenium\selenium-api\4.34.0\selenium-api-4.34.0.jar;C:\Users\Yantrisnandra Akbar\.m2\repository\org\jspecify\jspecify\1.0.0\jspecify-1.0.0.jar;C:\Users\Yantrisnandra Akbar\.m2\repository\org\seleniumhq\selenium\selenium-chrome-driver\4.34.0\selenium-chrome-driver-4.34.0.jar;C:\Users\Yantrisnandra Akbar\.m2\repository\com\google\auto\service\auto-service-annotations\1.1.1\auto-service-annotations-1.1.1.jar;C:\Users\Yantrisnandra Akbar\.m2\repository\org\seleniumhq\selenium\selenium-chromium-driver\4.34.0\selenium-chromium-driver-4.34.0.jar;C:\Users\Yantrisnandra Akbar\.m2\repository\org\seleniumhq\selenium\selenium-json\4.34.0\selenium-json-4.34.0.jar;C:\Users\Yantrisnandra Akbar\.m2\repository\org\seleniumhq\selenium\selenium-manager\4.34.0\selenium-manager-4.34.0.jar;C:\Users\Yantrisnandra Akbar\.m2\repository\org\seleniumhq\selenium\selenium-devtools-v136\4.34.0\selenium-devtools-v136-4.34.0.jar;C:\Users\Yantrisnandra Akbar\.m2\repository\org\seleniumhq\selenium\selenium-devtools-v137\4.34.0\selenium-devtools-v137-4.34.0.jar;C:\Users\Yantrisnandra Akbar\.m2\repository\org\seleniumhq\selenium\selenium-devtools-v138\4.34.0\selenium-devtools-v138-4.34.0.jar;C:\Users\Yantrisnandra Akbar\.m2\repository\org\seleniumhq\selenium\selenium-edge-driver\4.34.0\selenium-edge-driver-4.34.0.jar;C:\Users\Yantrisnandra Akbar\.m2\repository\org\seleniumhq\selenium\selenium-firefox-driver\4.34.0\selenium-firefox-driver-4.34.0.jar;C:\Users\Yantrisnandra Akbar\.m2\repository\org\seleniumhq\selenium\selenium-http\4.34.0\selenium-http-4.34.0.jar;C:\Users\Yantrisnandra Akbar\.m2\repository\org\seleniumhq\selenium\selenium-ie-driver\4.34.0\selenium-ie-driver-4.34.0.jar;C:\Users\Yantrisnandra Akbar\.m2\repository\org\seleniumhq\selenium\selenium-remote-driver\4.34.0\selenium-remote-driver-4.34.0.jar;C:\Users\Yantrisnandra Akbar\.m2\repository\io\opentelemetry\opentelemetry-api\1.51.0\opentelemetry-api-1.51.0.jar;C:\Users\Yantrisnandra Akbar\.m2\repository\io\opentelemetry\opentelemetry-context\1.51.0\opentelemetry-context-1.51.0.jar;C:\Users\Yantrisnandra Akbar\.m2\repository\io\opentelemetry\opentelemetry-exporter-logging\1.51.0\opentelemetry-exporter-logging-1.51.0.jar;C:\Users\Yantrisnandra Akbar\.m2\repository\io\opentelemetry\opentelemetry-sdk-common\1.51.0\opentelemetry-sdk-common-1.51.0.jar;C:\Users\Yantrisnandra Akbar\.m2\repository\io\opentelemetry\opentelemetry-sdk-extension-autoconfigure-spi\1.51.0\opentelemetry-sdk-extension-autoconfigure-spi-1.51.0.jar;C:\Users\Yantrisnandra Akbar\.m2\repository\io\opentelemetry\opentelemetry-sdk-extension-autoconfigure\1.51.0\opentelemetry-sdk-extension-autoconfigure-1.51.0.jar;C:\Users\Yantrisnandra Akbar\.m2\repository\io\opentelemetry\opentelemetry-sdk-trace\1.51.0\opentelemetry-sdk-trace-1.51.0.jar;C:\Users\Yantrisnandra Akbar\.m2\repository\io\opentelemetry\opentelemetry-sdk\1.51.0\opentelemetry-sdk-1.51.0.jar;C:\Users\Yantrisnandra Akbar\.m2\repository\io\opentelemetry\opentelemetry-sdk-metrics\1.51.0\opentelemetry-sdk-metrics-1.51.0.jar;C:\Users\Yantrisnandra Akbar\.m2\repository\io\opentelemetry\opentelemetry-sdk-logs\1.51.0\opentelemetry-sdk-logs-1.51.0.jar;C:\Users\Yantrisnandra Akbar\.m2\repository\net\bytebuddy\byte-buddy\1.17.6\byte-buddy-1.17.6.jar;C:\Users\Yantrisnandra Akbar\.m2\repository\org\seleniumhq\selenium\selenium-os\4.34.0\selenium-os-4.34.0.jar;C:\Users\Yantrisnandra Akbar\.m2\repository\org\apache\commons\commons-exec\1.5.0\commons-exec-1.5.0.jar;C:\Users\Yantrisnandra Akbar\.m2\repository\org\seleniumhq\selenium\selenium-safari-driver\4.34.0\selenium-safari-driver-4.34.0.jar;C:\Users\Yantrisnandra Akbar\.m2\repository\org\seleniumhq\selenium\selenium-support\4.34.0\selenium-support-4.34.0.jar;"/>
    <property name="java.vm.vendor" value="Oracle Corporation"/>
    <property name="sun.arch.data.model" value="64"/>
    <property name="user.variant" value=""/>
    <property name="java.vendor.url" value="https://java.oracle.com/"/>
    <property name="user.timezone" value="Asia/Jakarta"/>
    <property name="os.name" value="Windows 11"/>
    <property name="java.vm.specification.version" value="17"/>
    <property name="sun.java.launcher" value="SUN_STANDARD"/>
    <property name="user.country" value="ID"/>
    <property name="sun.boot.library.path" value="C:\Program Files\Java\jdk-17\bin"/>
    <property name="sun.java.command" value="C:\Users\Yantrisnandra Akbar\AppData\Local\Temp\surefire4367443302065514268\surefirebooter-20250804165940983_3.jar C:\Users\Yantrisnandra Akbar\AppData\Local\Temp\surefire4367443302065514268 2025-08-04T16-59-40_608-jvmRun1 surefire-20250804165940983_1tmp surefire_0-20250804165940983_2tmp"/>
    <property name="jdk.debug" value="release"/>
    <property name="surefire.test.class.path" value="C:\Users\Yantrisnandra Akbar\Downloads\Selenium-AfterOffice\target\test-classes;C:\Users\Yantrisnandra Akbar\Downloads\Selenium-AfterOffice\target\classes;C:\Users\Yantrisnandra Akbar\.m2\repository\org\testng\testng\7.11.0\testng-7.11.0.jar;C:\Users\Yantrisnandra Akbar\.m2\repository\org\slf4j\slf4j-api\2.0.16\slf4j-api-2.0.16.jar;C:\Users\Yantrisnandra Akbar\.m2\repository\org\jcommander\jcommander\1.83\jcommander-1.83.jar;C:\Users\Yantrisnandra Akbar\.m2\repository\org\webjars\jquery\3.7.1\jquery-3.7.1.jar;C:\Users\Yantrisnandra Akbar\.m2\repository\io\rest-assured\rest-assured\5.5.5\rest-assured-5.5.5.jar;C:\Users\Yantrisnandra Akbar\.m2\repository\org\apache\groovy\groovy\4.0.22\groovy-4.0.22.jar;C:\Users\Yantrisnandra Akbar\.m2\repository\org\apache\groovy\groovy-xml\4.0.22\groovy-xml-4.0.22.jar;C:\Users\Yantrisnandra Akbar\.m2\repository\org\apache\httpcomponents\httpclient\4.5.13\httpclient-4.5.13.jar;C:\Users\Yantrisnandra Akbar\.m2\repository\org\apache\httpcomponents\httpcore\4.4.13\httpcore-4.4.13.jar;C:\Users\Yantrisnandra Akbar\.m2\repository\commons-logging\commons-logging\1.2\commons-logging-1.2.jar;C:\Users\Yantrisnandra Akbar\.m2\repository\commons-codec\commons-codec\1.11\commons-codec-1.11.jar;C:\Users\Yantrisnandra Akbar\.m2\repository\org\apache\httpcomponents\httpmime\4.5.13\httpmime-4.5.13.jar;C:\Users\Yantrisnandra Akbar\.m2\repository\org\hamcrest\hamcrest\2.2\hamcrest-2.2.jar;C:\Users\Yantrisnandra Akbar\.m2\repository\org\ccil\cowan\tagsoup\tagsoup\1.2.1\tagsoup-1.2.1.jar;C:\Users\Yantrisnandra Akbar\.m2\repository\io\rest-assured\json-path\5.5.5\json-path-5.5.5.jar;C:\Users\Yantrisnandra Akbar\.m2\repository\org\apache\groovy\groovy-json\4.0.22\groovy-json-4.0.22.jar;C:\Users\Yantrisnandra Akbar\.m2\repository\io\rest-assured\rest-assured-common\5.5.5\rest-assured-common-5.5.5.jar;C:\Users\Yantrisnandra Akbar\.m2\repository\io\rest-assured\xml-path\5.5.5\xml-path-5.5.5.jar;C:\Users\Yantrisnandra Akbar\.m2\repository\io\rest-assured\json-schema-validator\5.5.5\json-schema-validator-5.5.5.jar;C:\Users\Yantrisnandra Akbar\.m2\repository\com\github\java-json-tools\json-schema-validator\2.2.14\json-schema-validator-2.2.14.jar;C:\Users\Yantrisnandra Akbar\.m2\repository\com\github\java-json-tools\jackson-coreutils-equivalence\1.0\jackson-coreutils-equivalence-1.0.jar;C:\Users\Yantrisnandra Akbar\.m2\repository\com\github\java-json-tools\jackson-coreutils\2.0\jackson-coreutils-2.0.jar;C:\Users\Yantrisnandra Akbar\.m2\repository\com\github\java-json-tools\msg-simple\1.2\msg-simple-1.2.jar;C:\Users\Yantrisnandra Akbar\.m2\repository\com\github\java-json-tools\btf\1.3\btf-1.3.jar;C:\Users\Yantrisnandra Akbar\.m2\repository\com\github\java-json-tools\json-schema-core\1.2.14\json-schema-core-1.2.14.jar;C:\Users\Yantrisnandra Akbar\.m2\repository\com\github\java-json-tools\uri-template\0.10\uri-template-0.10.jar;C:\Users\Yantrisnandra Akbar\.m2\repository\org\mozilla\rhino\1.7.7.2\rhino-1.7.7.2.jar;C:\Users\Yantrisnandra Akbar\.m2\repository\com\sun\mail\mailapi\1.6.2\mailapi-1.6.2.jar;C:\Users\Yantrisnandra Akbar\.m2\repository\com\googlecode\libphonenumber\libphonenumber\8.11.1\libphonenumber-8.11.1.jar;C:\Users\Yantrisnandra Akbar\.m2\repository\com\google\code\findbugs\jsr305\3.0.2\jsr305-3.0.2.jar;C:\Users\Yantrisnandra Akbar\.m2\repository\net\sf\jopt-simple\jopt-simple\5.0.4\jopt-simple-5.0.4.jar;C:\Users\Yantrisnandra Akbar\.m2\repository\com\google\guava\guava\33.2.1-jre\guava-33.2.1-jre.jar;C:\Users\Yantrisnandra Akbar\.m2\repository\com\google\guava\failureaccess\1.0.2\failureaccess-1.0.2.jar;C:\Users\Yantrisnandra Akbar\.m2\repository\com\google\guava\listenablefuture\9999.0-empty-to-avoid-conflict-with-guava\listenablefuture-9999.0-empty-to-avoid-conflict-with-guava.jar;C:\Users\Yantrisnandra Akbar\.m2\repository\org\checkerframework\checker-qual\3.42.0\checker-qual-3.42.0.jar;C:\Users\Yantrisnandra Akbar\.m2\repository\com\google\errorprone\error_prone_annotations\2.26.1\error_prone_annotations-2.26.1.jar;C:\Users\Yantrisnandra Akbar\.m2\repository\com\google\j2objc\j2objc-annotations\3.0.0\j2objc-annotations-3.0.0.jar;C:\Users\Yantrisnandra Akbar\.m2\repository\com\fasterxml\jackson\core\jackson-databind\2.19.1\jackson-databind-2.19.1.jar;C:\Users\Yantrisnandra Akbar\.m2\repository\com\fasterxml\jackson\core\jackson-annotations\2.19.1\jackson-annotations-2.19.1.jar;C:\Users\Yantrisnandra Akbar\.m2\repository\com\fasterxml\jackson\core\jackson-core\2.19.1\jackson-core-2.19.1.jar;C:\Users\Yantrisnandra Akbar\.m2\repository\io\cucumber\cucumber-java\7.23.0\cucumber-java-7.23.0.jar;C:\Users\Yantrisnandra Akbar\.m2\repository\io\cucumber\cucumber-core\7.23.0\cucumber-core-7.23.0.jar;C:\Users\Yantrisnandra Akbar\.m2\repository\io\cucumber\cucumber-gherkin\7.23.0\cucumber-gherkin-7.23.0.jar;C:\Users\Yantrisnandra Akbar\.m2\repository\io\cucumber\cucumber-gherkin-messages\7.23.0\cucumber-gherkin-messages-7.23.0.jar;C:\Users\Yantrisnandra Akbar\.m2\repository\io\cucumber\gherkin\32.1.1\gherkin-32.1.1.jar;C:\Users\Yantrisnandra Akbar\.m2\repository\io\cucumber\messages\27.2.0\messages-27.2.0.jar;C:\Users\Yantrisnandra Akbar\.m2\repository\io\cucumber\testng-xml-formatter\0.3.1\testng-xml-formatter-0.3.1.jar;C:\Users\Yantrisnandra Akbar\.m2\repository\io\cucumber\query\13.5.0\query-13.5.0.jar;C:\Users\Yantrisnandra Akbar\.m2\repository\io\cucumber\tag-expressions\6.1.2\tag-expressions-6.1.2.jar;C:\Users\Yantrisnandra Akbar\.m2\repository\io\cucumber\cucumber-expressions\18.0.1\cucumber-expressions-18.0.1.jar;C:\Users\Yantrisnandra Akbar\.m2\repository\io\cucumber\datatable\7.23.0\datatable-7.23.0.jar;C:\Users\Yantrisnandra Akbar\.m2\repository\io\cucumber\cucumber-plugin\7.23.0\cucumber-plugin-7.23.0.jar;C:\Users\Yantrisnandra Akbar\.m2\repository\io\cucumber\docstring\7.23.0\docstring-7.23.0.jar;C:\Users\Yantrisnandra Akbar\.m2\repository\io\cucumber\html-formatter\21.10.1\html-formatter-21.10.1.jar;C:\Users\Yantrisnandra Akbar\.m2\repository\io\cucumber\junit-xml-formatter\0.7.1\junit-xml-formatter-0.7.1.jar;C:\Users\Yantrisnandra Akbar\.m2\repository\io\cucumber\ci-environment\10.0.1\ci-environment-10.0.1.jar;C:\Users\Yantrisnandra Akbar\.m2\repository\org\apiguardian\apiguardian-api\1.1.2\apiguardian-api-1.1.2.jar;C:\Users\Yantrisnandra Akbar\.m2\repository\io\cucumber\cucumber-testng\7.23.0\cucumber-testng-7.23.0.jar;C:\Users\Yantrisnandra Akbar\.m2\repository\org\projectlombok\lombok\1.18.38\lombok-1.18.38.jar;C:\Users\Yantrisnandra Akbar\.m2\repository\net\masterthought\cucumber-reporting\5.7.0\cucumber-reporting-5.7.0.jar;C:\Users\Yantrisnandra Akbar\.m2\repository\com\fasterxml\jackson\datatype\jackson-datatype-jsr310\2.13.0\jackson-datatype-jsr310-2.13.0.jar;C:\Users\Yantrisnandra Akbar\.m2\repository\org\apache\velocity\velocity-engine-core\2.3\velocity-engine-core-2.3.jar;C:\Users\Yantrisnandra Akbar\.m2\repository\commons-collections\commons-collections\3.2.2\commons-collections-3.2.2.jar;C:\Users\Yantrisnandra Akbar\.m2\repository\joda-time\joda-time\2.10.10\joda-time-2.10.10.jar;C:\Users\Yantrisnandra Akbar\.m2\repository\org\apache\commons\commons-lang3\3.12.0\commons-lang3-3.12.0.jar;C:\Users\Yantrisnandra Akbar\.m2\repository\commons-io\commons-io\2.7\commons-io-2.7.jar;C:\Users\Yantrisnandra Akbar\.m2\repository\org\codehaus\plexus\plexus-utils\3.3.0\plexus-utils-3.3.0.jar;C:\Users\Yantrisnandra Akbar\.m2\repository\org\jsoup\jsoup\1.14.2\jsoup-1.14.2.jar;C:\Users\Yantrisnandra Akbar\.m2\repository\com\googlecode\owasp-java-html-sanitizer\owasp-java-html-sanitizer\20211018.2\owasp-java-html-sanitizer-20211018.2.jar;C:\Users\Yantrisnandra Akbar\.m2\repository\commons-configuration\commons-configuration\1.10\commons-configuration-1.10.jar;C:\Users\Yantrisnandra Akbar\.m2\repository\commons-lang\commons-lang\2.6\commons-lang-2.6.jar;C:\Users\Yantrisnandra Akbar\.m2\repository\io\github\cdimascio\dotenv-java\3.0.0\dotenv-java-3.0.0.jar;C:\Users\Yantrisnandra Akbar\.m2\repository\io\cucumber\cucumber-junit\7.21.1\cucumber-junit-7.21.1.jar;C:\Users\Yantrisnandra Akbar\.m2\repository\junit\junit\4.13.2\junit-4.13.2.jar;C:\Users\Yantrisnandra Akbar\.m2\repository\org\hamcrest\hamcrest-core\1.3\hamcrest-core-1.3.jar;C:\Users\Yantrisnandra Akbar\.m2\repository\io\cucumber\cucumber-picocontainer\7.22.2\cucumber-picocontainer-7.22.2.jar;C:\Users\Yantrisnandra Akbar\.m2\repository\org\picocontainer\picocontainer\2.15.2\picocontainer-2.15.2.jar;C:\Users\Yantrisnandra Akbar\.m2\repository\org\seleniumhq\selenium\selenium-java\4.34.0\selenium-java-4.34.0.jar;C:\Users\Yantrisnandra Akbar\.m2\repository\org\seleniumhq\selenium\selenium-api\4.34.0\selenium-api-4.34.0.jar;C:\Users\Yantrisnandra Akbar\.m2\repository\org\jspecify\jspecify\1.0.0\jspecify-1.0.0.jar;C:\Users\Yantrisnandra Akbar\.m2\repository\org\seleniumhq\selenium\selenium-chrome-driver\4.34.0\selenium-chrome-driver-4.34.0.jar;C:\Users\Yantrisnandra Akbar\.m2\repository\com\google\auto\service\auto-service-annotations\1.1.1\auto-service-annotations-1.1.1.jar;C:\Users\Yantrisnandra Akbar\.m2\repository\org\seleniumhq\selenium\selenium-chromium-driver\4.34.0\selenium-chromium-driver-4.34.0.jar;C:\Users\Yantrisnandra Akbar\.m2\repository\org\seleniumhq\selenium\selenium-json\4.34.0\selenium-json-4.34.0.jar;C:\Users\Yantrisnandra Akbar\.m2\repository\org\seleniumhq\selenium\selenium-manager\4.34.0\selenium-manager-4.34.0.jar;C:\Users\Yantrisnandra Akbar\.m2\repository\org\seleniumhq\selenium\selenium-devtools-v136\4.34.0\selenium-devtools-v136-4.34.0.jar;C:\Users\Yantrisnandra Akbar\.m2\repository\org\seleniumhq\selenium\selenium-devtools-v137\4.34.0\selenium-devtools-v137-4.34.0.jar;C:\Users\Yantrisnandra Akbar\.m2\repository\org\seleniumhq\selenium\selenium-devtools-v138\4.34.0\selenium-devtools-v138-4.34.0.jar;C:\Users\Yantrisnandra Akbar\.m2\repository\org\seleniumhq\selenium\selenium-edge-driver\4.34.0\selenium-edge-driver-4.34.0.jar;C:\Users\Yantrisnandra Akbar\.m2\repository\org\seleniumhq\selenium\selenium-firefox-driver\4.34.0\selenium-firefox-driver-4.34.0.jar;C:\Users\Yantrisnandra Akbar\.m2\repository\org\seleniumhq\selenium\selenium-http\4.34.0\selenium-http-4.34.0.jar;C:\Users\Yantrisnandra Akbar\.m2\repository\org\seleniumhq\selenium\selenium-ie-driver\4.34.0\selenium-ie-driver-4.34.0.jar;C:\Users\Yantrisnandra Akbar\.m2\repository\org\seleniumhq\selenium\selenium-remote-driver\4.34.0\selenium-remote-driver-4.34.0.jar;C:\Users\Yantrisnandra Akbar\.m2\repository\io\opentelemetry\opentelemetry-api\1.51.0\opentelemetry-api-1.51.0.jar;C:\Users\Yantrisnandra Akbar\.m2\repository\io\opentelemetry\opentelemetry-context\1.51.0\opentelemetry-context-1.51.0.jar;C:\Users\Yantrisnandra Akbar\.m2\repository\io\opentelemetry\opentelemetry-exporter-logging\1.51.0\opentelemetry-exporter-logging-1.51.0.jar;C:\Users\Yantrisnandra Akbar\.m2\repository\io\opentelemetry\opentelemetry-sdk-common\1.51.0\opentelemetry-sdk-common-1.51.0.jar;C:\Users\Yantrisnandra Akbar\.m2\repository\io\opentelemetry\opentelemetry-sdk-extension-autoconfigure-spi\1.51.0\opentelemetry-sdk-extension-autoconfigure-spi-1.51.0.jar;C:\Users\Yantrisnandra Akbar\.m2\repository\io\opentelemetry\opentelemetry-sdk-extension-autoconfigure\1.51.0\opentelemetry-sdk-extension-autoconfigure-1.51.0.jar;C:\Users\Yantrisnandra Akbar\.m2\repository\io\opentelemetry\opentelemetry-sdk-trace\1.51.0\opentelemetry-sdk-trace-1.51.0.jar;C:\Users\Yantrisnandra Akbar\.m2\repository\io\opentelemetry\opentelemetry-sdk\1.51.0\opentelemetry-sdk-1.51.0.jar;C:\Users\Yantrisnandra Akbar\.m2\repository\io\opentelemetry\opentelemetry-sdk-metrics\1.51.0\opentelemetry-sdk-metrics-1.51.0.jar;C:\Users\Yantrisnandra Akbar\.m2\repository\io\opentelemetry\opentelemetry-sdk-logs\1.51.0\opentelemetry-sdk-logs-1.51.0.jar;C:\Users\Yantrisnandra Akbar\.m2\repository\net\bytebuddy\byte-buddy\1.17.6\byte-buddy-1.17.6.jar;C:\Users\Yantrisnandra Akbar\.m2\repository\org\seleniumhq\selenium\selenium-os\4.34.0\selenium-os-4.34.0.jar;C:\Users\Yantrisnandra Akbar\.m2\repository\org\apache\commons\commons-exec\1.5.0\commons-exec-1.5.0.jar;C:\Users\Yantrisnandra Akbar\.m2\repository\org\seleniumhq\selenium\selenium-safari-driver\4.34.0\selenium-safari-driver-4.34.0.jar;C:\Users\Yantrisnandra Akbar\.m2\repository\org\seleniumhq\selenium\selenium-support\4.34.0\selenium-support-4.34.0.jar;"/>
    <property name="sun.cpu.endian" value="little"/>
    <property name="user.home" value="C:\Users\Yantrisnandra Akbar"/>
    <property name="user.language" value="en"/>
    <property name="java.specification.vendor" value="Oracle Corporation"/>
    <property name="java.version.date" value="2024-07-16"/>
    <property name="java.home" value="C:\Program Files\Java\jdk-17"/>
    <property name="file.separator" value="\"/>
    <property name="basedir" value="C:\Users\Yantrisnandra Akbar\Downloads\Selenium-AfterOffice"/>
    <property name="java.vm.compressedOopsMode" value="Zero based"/>
    <property name="line.separator" value="&#10;"/>
    <property name="java.vm.specification.vendor" value="Oracle Corporation"/>
    <property name="java.specification.name" value="Java Platform API Specification"/>
    <property name="surefire.real.class.path" value="C:\Users\Yantrisnandra Akbar\AppData\Local\Temp\surefire4367443302065514268\surefirebooter-20250804165940983_3.jar"/>
    <property name="user.script" value=""/>
    <property name="sun.management.compiler" value="HotSpot 64-Bit Tiered Compilers"/>
    <property name="java.runtime.version" value="17.0.12+8-LTS-286"/>
    <property name="user.name" value="Yantrisnandra Akbar"/>
    <property name="path.separator" value=";"/>
    <property name="testng.xml" value="src/test/resources/Selenium.xml"/>
    <property name="os.version" value="10.0"/>
    <property name="java.runtime.name" value="Java(TM) SE Runtime Environment"/>
    <property name="file.encoding" value="Cp1252"/>
    <property name="java.vm.name" value="Java HotSpot(TM) 64-Bit Server VM"/>
    <property name="localRepository" value="C:\Users\Yantrisnandra Akbar\.m2\repository"/>
    <property name="java.vendor.url.bug" value="https://bugreport.java.com/bugreport/"/>
    <property name="java.io.tmpdir" value="C:\Users\YANTRI~1\AppData\Local\Temp\"/>
    <property name="java.version" value="17.0.12"/>
    <property name="user.dir" value="C:\Users\Yantrisnandra Akbar\Downloads\Selenium-AfterOffice"/>
    <property name="os.arch" value="amd64"/>
    <property name="java.vm.specification.name" value="Java Virtual Machine Specification"/>
    <property name="sun.os.patch.level" value=""/>
    <property name="native.encoding" value="Cp1252"/>
    <property name="java.library.path" value="C:\Program Files\Java\jdk-17\bin;C:\WINDOWS\Sun\Java\bin;C:\WINDOWS\system32;C:\WINDOWS;C:\Program Files\Common Files\Oracle\Java\javapath;C:\WINDOWS\system32;C:\WINDOWS;C:\WINDOWS\System32\Wbem;C:\WINDOWS\System32\WindowsPowerShell\v1.0\;C:\WINDOWS\System32\OpenSSH\;C:\Program Files (x86)\Microsoft SQL Server\150\DTS\Binn\;C:\Program Files\Azure Data Studio\bin;C:\File Kerja\Aplikasi\apache-maven-3.9.9-bin\apache-maven-3.9.9\bin;C:\Program Files\Git\cmd;C:\Program Files (x86)\Microsoft SQL Server\160\DTS\Binn\;C:\Program Files\nodejs\;C:\Program Files\PostgreSQL\17\bin;C:\Program Files (x86)\Microsoft SQL Server\160\Tools\Binn\;C:\Program Files\Microsoft SQL Server\160\Tools\Binn\;C:\Program Files\Microsoft SQL Server\Client SDK\ODBC\170\Tools\Binn\;C:\Program Files\Microsoft SQL Server\160\DTS\Binn\;C:\Program Files\Java\jdk-17;C:\File Kerja\Aplikasi\apache-jmeter-5.6.3\apache-jmeter-5.6.3\bin;C:\Users\Yantrisnandra Akbar\AppData\Local\Microsoft\WindowsApps;C:\Program Files\Azure Data Studio\bin;C:\Program Files\JetBrains\IntelliJ IDEA 2024.2.2\bin;;C:\Program Files\JetBrains\IntelliJ IDEA Community Edition 2024.2.2\bin;;C:\File Kerja\Aplikasi\Microsoft VS Code\bin;C:\Users\Yantrisnandra Akbar\AppData\Roaming\npm;C:\Program Files\PostgreSQL\17\bin;;c:\Users\Yantrisnandra Akbar\AppData\Roaming\Code\User\globalStorage\github.copilot-chat\debugCommand;."/>
    <property name="java.vm.info" value="mixed mode, sharing"/>
    <property name="java.vendor" value="Oracle Corporation"/>
    <property name="java.vm.version" value="17.0.12+8-LTS-286"/>
    <property name="sun.io.unicode.encoding" value="UnicodeLittle"/>
    <property name="java.class.version" value="61.0"/>
  </properties>
  <testcase name="LoginWebsite" classname="selenium.E2EWebsite" time="3.297">
    <system-out><![CDATA[Starting the browser...
]]></system-out>
    <system-err><![CDATA[SLF4J(W): No SLF4J providers were found.
SLF4J(W): Defaulting to no-operation (NOP) logger implementation
SLF4J(W): See https://www.slf4j.org/codes.html#noProviders for further details.
]]></system-err>
  </testcase>
  <testcase name="verifyOrderCreated" classname="selenium.E2EWebsite" time="10.098">
    <failure message="Expected condition failed: waiting for visibility of element located by By.xpath: //h1[contains(translate(normalize-space(.), &apos;ABCDEFGHIJKLMNOPQRSTUVWXYZ&apos;, &apos;abcdefghijklmnopqrstuvwxyz&apos;), &apos;thankyou for the order&apos;)] (tried for 10 second(s) with 500 milliseconds interval)&#10;Build info: version: &apos;4.34.0&apos;, revision: &apos;707dcb4246*&apos;&#10;System info: os.name: &apos;Windows 11&apos;, os.arch: &apos;amd64&apos;, os.version: &apos;10.0&apos;, java.version: &apos;17.0.12&apos;&#10;Driver info: org.openqa.selenium.chrome.ChromeDriver&#10;Capabilities {acceptInsecureCerts: false, browserName: chrome, browserVersion: 138.0.7204.184, chrome: {chromedriverVersion: 138.0.7204.168 (3e8d82e86e9..., userDataDir: C:\Users\YANTRI~1\AppData\L...}, fedcm:accounts: true, goog:chromeOptions: {debuggerAddress: localhost:61125}, networkConnectionEnabled: false, pageLoadStrategy: normal, platformName: windows, proxy: Proxy(), se:cdp: ws://localhost:61125/devtoo..., se:cdpVersion: 138.0.7204.184, setWindowRect: true, strictFileInteractability: false, timeouts: {implicit: 0, pageLoad: 300000, script: 30000}, unhandledPromptBehavior: dismiss and notify, webauthn:extension:credBlob: true, webauthn:extension:largeBlob: true, webauthn:extension:minPinLength: true, webauthn:extension:prf: true, webauthn:virtualAuthenticators: true}&#10;Session ID: 5fd263c8df6c8b260322898813b889e1" type="org.openqa.selenium.TimeoutException"><![CDATA[org.openqa.selenium.TimeoutException: 
Expected condition failed: waiting for visibility of element located by By.xpath: //h1[contains(translate(normalize-space(.), 'ABCDEFGHIJKLMNOPQRSTUVWXYZ', 'abcdefghijklmnopqrstuvwxyz'), 'thankyou for the order')] (tried for 10 second(s) with 500 milliseconds interval)
Build info: version: '4.34.0', revision: '707dcb4246*'
System info: os.name: 'Windows 11', os.arch: 'amd64', os.version: '10.0', java.version: '17.0.12'
Driver info: org.openqa.selenium.chrome.ChromeDriver
Capabilities {acceptInsecureCerts: false, browserName: chrome, browserVersion: 138.0.7204.184, chrome: {chromedriverVersion: 138.0.7204.168 (3e8d82e86e9..., userDataDir: C:\Users\YANTRI~1\AppData\L...}, fedcm:accounts: true, goog:chromeOptions: {debuggerAddress: localhost:61125}, networkConnectionEnabled: false, pageLoadStrategy: normal, platformName: windows, proxy: Proxy(), se:cdp: ws://localhost:61125/devtoo..., se:cdpVersion: 138.0.7204.184, setWindowRect: true, strictFileInteractability: false, timeouts: {implicit: 0, pageLoad: 300000, script: 30000}, unhandledPromptBehavior: dismiss and notify, webauthn:extension:credBlob: true, webauthn:extension:largeBlob: true, webauthn:extension:minPinLength: true, webauthn:extension:prf: true, webauthn:virtualAuthenticators: true}
Session ID: 5fd263c8df6c8b260322898813b889e1
	at org.openqa.selenium.support.ui.WebDriverWait.timeoutException(WebDriverWait.java:84)
	at org.openqa.selenium.support.ui.FluentWait.until(FluentWait.java:228)
	at selenium.E2EWebsite.verifyOrderCreated(E2EWebsite.java:167)
	at java.base/jdk.internal.reflect.NativeMethodAccessorImpl.invoke0(Native Method)
	at java.base/jdk.internal.reflect.NativeMethodAccessorImpl.invoke(NativeMethodAccessorImpl.java:77)
	at java.base/jdk.internal.reflect.DelegatingMethodAccessorImpl.invoke(DelegatingMethodAccessorImpl.java:43)
	at java.base/java.lang.reflect.Method.invoke(Method.java:568)
	at org.testng.internal.invokers.MethodInvocationHelper.invokeMethod(MethodInvocationHelper.java:141)
	at org.testng.internal.invokers.TestInvoker.invokeMethod(TestInvoker.java:687)
	at org.testng.internal.invokers.TestInvoker.invokeTestMethod(TestInvoker.java:230)
	at org.testng.internal.invokers.MethodRunner.runInSequence(MethodRunner.java:63)
	at org.testng.internal.invokers.TestInvoker$MethodInvocationAgent.invoke(TestInvoker.java:995)
	at org.testng.internal.invokers.TestInvoker.invokeTestMethods(TestInvoker.java:203)
	at org.testng.internal.invokers.TestMethodWorker.invokeTestMethods(TestMethodWorker.java:154)
	at org.testng.internal.invokers.TestMethodWorker.run(TestMethodWorker.java:134)
	at java.base/java.util.ArrayList.forEach(ArrayList.java:1511)
	at org.testng.TestRunner.privateRun(TestRunner.java:741)
	at org.testng.TestRunner.run(TestRunner.java:616)
	at org.testng.SuiteRunner.runTest(SuiteRunner.java:421)
	at org.testng.SuiteRunner.runSequentially(SuiteRunner.java:413)
	at org.testng.SuiteRunner.privateRun(SuiteRunner.java:373)
	at org.testng.SuiteRunner.run(SuiteRunner.java:312)
	at org.testng.SuiteRunnerWorker.runSuite(SuiteRunnerWorker.java:52)
	at org.testng.SuiteRunnerWorker.run(SuiteRunnerWorker.java:95)
	at org.testng.TestNG.runSuitesSequentially(TestNG.java:1274)
	at org.testng.TestNG.runSuitesLocally(TestNG.java:1208)
	at org.testng.TestNG.runSuites(TestNG.java:1112)
	at org.testng.TestNG.run(TestNG.java:1079)
	at org.apache.maven.surefire.testng.TestNGExecutor.run(TestNGExecutor.java:308)
	at org.apache.maven.surefire.testng.TestNGXmlTestSuite.execute(TestNGXmlTestSuite.java:71)
	at org.apache.maven.surefire.testng.TestNGProvider.invoke(TestNGProvider.java:113)
	at org.apache.maven.surefire.booter.ForkedBooter.runSuitesInProcess(ForkedBooter.java:385)
	at org.apache.maven.surefire.booter.ForkedBooter.execute(ForkedBooter.java:162)
	at org.apache.maven.surefire.booter.ForkedBooter.run(ForkedBooter.java:507)
	at org.apache.maven.surefire.booter.ForkedBooter.main(ForkedBooter.java:495)
]]></failure>
  </testcase>
  <testcase name="searchAndViewProduct" classname="selenium.E2EWebsite" time="4.852"/>
  <testcase name="verifyProductDetails" classname="selenium.E2EWebsite" time="2.264"/>
  <testcase name="addToCartAndCheckout" classname="selenium.E2EWebsite" time="6.619">
    <system-out><![CDATA[Product successfully added to cart.
]]></system-out>
  </testcase>
  <testcase name="proceedToCheckout" classname="selenium.E2EWebsite" time="2.263"/>
  <testcase name="verifyCheckoutDetails" classname="selenium.E2EWebsite" time="6.987"/>
  <testcase name="verifyOrderConfirmation" classname="selenium.E2EWebsite" time="2.142">
    <system-out><![CDATA[Order placed successfully!
]]></system-out>
  </testcase>
</testsuite>