<?xml version="1.0" encoding="UTF-8"?>
<testsuite xmlns:xsi="http://www.w3.org/2001/XMLSchema-instance" xsi:noNamespaceSchemaLocation="https://maven.apache.org/surefire/maven-surefire-plugin/xsd/surefire-test-report.xsd" version="3.0.2" name="TestSuite" time="3.811" tests="3" errors="0" skipped="0" failures="0">
  <properties>
    <property name="java.specification.version" value="17"/>
    <property name="sun.cpu.isalist" value="amd64"/>
    <property name="sun.jnu.encoding" value="Cp1252"/>
    <property name="java.class.path" value="C:\File Kerja\QA\Self Development Eagle Team\Selenium\DemoQA Website\target\test-classes;C:\File Kerja\QA\Self Development Eagle Team\Selenium\DemoQA Website\target\classes;C:\Users\Yantrisnandra Akbar\.m2\repository\org\testng\testng\7.11.0\testng-7.11.0.jar;C:\Users\Yantrisnandra Akbar\.m2\repository\org\slf4j\slf4j-api\2.0.16\slf4j-api-2.0.16.jar;C:\Users\Yantrisnandra Akbar\.m2\repository\org\jcommander\jcommander\1.83\jcommander-1.83.jar;C:\Users\Yantrisnandra Akbar\.m2\repository\org\webjars\jquery\3.7.1\jquery-3.7.1.jar;"/>
    <property name="java.vm.vendor" value="Oracle Corporation"/>
    <property name="sun.arch.data.model" value="64"/>
    <property name="user.variant" value=""/>
    <property name="java.vendor.url" value="https://java.oracle.com/"/>
    <property name="user.timezone" value="Asia/Jakarta"/>
    <property name="os.name" value="Windows 11"/>
    <property name="java.vm.specification.version" value="17"/>
    <property name="sun.java.launcher" value="SUN_STANDARD"/>
    <property name="user.country" value="ID"/>
    <property name="sun.boot.library.path" value="C:\Program Files\Java\jdk-17\bin"/>
    <property name="sun.java.command" value="C:\Users\Yantrisnandra Akbar\AppData\Local\Temp\surefire8370330019751366074\surefirebooter-20250702160510000_3.jar C:\Users\Yantrisnandra Akbar\AppData\Local\Temp\surefire8370330019751366074 2025-07-02T16-05-09_699-jvmRun1 surefire-20250702160510000_1tmp surefire_0-20250702160510000_2tmp"/>
    <property name="jdk.debug" value="release"/>
    <property name="surefire.test.class.path" value="C:\File Kerja\QA\Self Development Eagle Team\Selenium\DemoQA Website\target\test-classes;C:\File Kerja\QA\Self Development Eagle Team\Selenium\DemoQA Website\target\classes;C:\Users\Yantrisnandra Akbar\.m2\repository\org\testng\testng\7.11.0\testng-7.11.0.jar;C:\Users\Yantrisnandra Akbar\.m2\repository\org\slf4j\slf4j-api\2.0.16\slf4j-api-2.0.16.jar;C:\Users\Yantrisnandra Akbar\.m2\repository\org\jcommander\jcommander\1.83\jcommander-1.83.jar;C:\Users\Yantrisnandra Akbar\.m2\repository\org\webjars\jquery\3.7.1\jquery-3.7.1.jar;"/>
    <property name="sun.cpu.endian" value="little"/>
    <property name="user.home" value="C:\Users\Yantrisnandra Akbar"/>
    <property name="user.language" value="en"/>
    <property name="java.specification.vendor" value="Oracle Corporation"/>
    <property name="java.version.date" value="2024-07-16"/>
    <property name="java.home" value="C:\Program Files\Java\jdk-17"/>
    <property name="file.separator" value="\"/>
    <property name="basedir" value="C:\File Kerja\QA\Self Development Eagle Team\Selenium\DemoQA Website"/>
    <property name="java.vm.compressedOopsMode" value="Zero based"/>
    <property name="line.separator" value="&#10;"/>
    <property name="java.vm.specification.vendor" value="Oracle Corporation"/>
    <property name="java.specification.name" value="Java Platform API Specification"/>
    <property name="surefire.real.class.path" value="C:\Users\Yantrisnandra Akbar\AppData\Local\Temp\surefire8370330019751366074\surefirebooter-20250702160510000_3.jar"/>
    <property name="user.script" value=""/>
    <property name="sun.management.compiler" value="HotSpot 64-Bit Tiered Compilers"/>
    <property name="java.runtime.version" value="17.0.12+8-LTS-286"/>
    <property name="user.name" value="Yantrisnandra Akbar"/>
    <property name="path.separator" value=";"/>
    <property name="os.version" value="10.0"/>
    <property name="java.runtime.name" value="Java(TM) SE Runtime Environment"/>
    <property name="file.encoding" value="Cp1252"/>
    <property name="java.vm.name" value="Java HotSpot(TM) 64-Bit Server VM"/>
    <property name="localRepository" value="C:\Users\Yantrisnandra Akbar\.m2\repository"/>
    <property name="java.vendor.url.bug" value="https://bugreport.java.com/bugreport/"/>
    <property name="java.io.tmpdir" value="C:\Users\YANTRI~1\AppData\Local\Temp\"/>
    <property name="java.version" value="17.0.12"/>
    <property name="user.dir" value="C:\File Kerja\QA\Self Development Eagle Team\Selenium\DemoQA Website"/>
    <property name="os.arch" value="amd64"/>
    <property name="java.vm.specification.name" value="Java Virtual Machine Specification"/>
    <property name="sun.os.patch.level" value=""/>
    <property name="native.encoding" value="Cp1252"/>
    <property name="java.library.path" value="C:\Program Files\Java\jdk-17\bin;C:\WINDOWS\Sun\Java\bin;C:\WINDOWS\system32;C:\WINDOWS;C:\WINDOWS\system32;C:\WINDOWS;C:\WINDOWS\System32\Wbem;C:\WINDOWS\System32\WindowsPowerShell\v1.0\;C:\WINDOWS\System32\OpenSSH\;C:\Program Files (x86)\Microsoft SQL Server\150\DTS\Binn\;C:\Program Files\Azure Data Studio\bin;C:\File Kerja\Aplikasi\apache-maven-3.9.9-bin\apache-maven-3.9.9\bin;C:\Program Files\Git\cmd;C:\Program Files (x86)\Microsoft SQL Server\160\DTS\Binn\;C:\Program Files\nodejs\;C:\Program Files\PostgreSQL\17\bin;C:\Program Files (x86)\Microsoft SQL Server\160\Tools\Binn\;C:\Program Files\Microsoft SQL Server\160\Tools\Binn\;C:\Program Files\Microsoft SQL Server\Client SDK\ODBC\170\Tools\Binn\;C:\Program Files\Microsoft SQL Server\160\DTS\Binn\;C:\Program Files\Java\jdk-17;C:\File Kerja\Aplikasi\apache-jmeter-5.6.3\apache-jmeter-5.6.3\bin;C:\Users\Yantrisnandra Akbar\AppData\Local\Microsoft\WindowsApps;C:\Program Files\Azure Data Studio\bin;C:\Program Files\JetBrains\IntelliJ IDEA 2024.2.2\bin;;C:\Program Files\JetBrains\IntelliJ IDEA Community Edition 2024.2.2\bin;;C:\File Kerja\Aplikasi\Microsoft VS Code\bin;C:\Users\Yantrisnandra Akbar\AppData\Roaming\npm;C:\Program Files\PostgreSQL\17\bin;;c:\Users\Yantrisnandra Akbar\AppData\Roaming\Code\User\globalStorage\github.copilot-chat\debugCommand;."/>
    <property name="java.vm.info" value="mixed mode, sharing"/>
    <property name="java.vendor" value="Oracle Corporation"/>
    <property name="java.vm.version" value="17.0.12+8-LTS-286"/>
    <property name="sun.io.unicode.encoding" value="UnicodeLittle"/>
    <property name="java.class.version" value="61.0"/>
  </properties>
  <testcase name="firstTest" classname="demoQA.TestFirst" time="1.035">
    <system-out><![CDATA[Hello World
0
]]></system-out>
    <system-err><![CDATA[SLF4J(W): No SLF4J providers were found.
SLF4J(W): Defaulting to no-operation (NOP) logger implementation
SLF4J(W): See https://www.slf4j.org/codes.html#noProviders for further details.
]]></system-err>
  </testcase>
  <testcase name="secondTest" classname="demoQA.TestFirst" time="1.012">
    <system-out><![CDATA[Hello World 2
1
]]></system-out>
  </testcase>
  <testcase name="ThridTest" classname="demoQA.TestFirst" time="1.014">
    <system-out><![CDATA[Hello World 3
3
]]></system-out>
  </testcase>
</testsuite>