<?xml version="1.0" encoding="UTF-8"?>
<testsuite xmlns:xsi="http://www.w3.org/2001/XMLSchema-instance" xsi:noNamespaceSchemaLocation="https://maven.apache.org/surefire/maven-surefire-plugin/xsd/surefire-test-report.xsd" version="3.0.2" name="TestSuite" time="15.571" tests="5" errors="0" skipped="0" failures="1">
  <properties>
    <property name="java.specification.version" value="17"/>
    <property name="sun.cpu.isalist" value="amd64"/>
    <property name="sun.jnu.encoding" value="Cp1252"/>
    <property name="java.class.path" value="C:\Users\Yantrisnandra Akbar\Downloads\Selenium-DemoQA\target\test-classes;C:\Users\Yantrisnandra Akbar\Downloads\Selenium-DemoQA\target\classes;C:\Users\Yantrisnandra Akbar\.m2\repository\org\testng\testng\7.11.0\testng-7.11.0.jar;C:\Users\Yantrisnandra Akbar\.m2\repository\org\slf4j\slf4j-api\2.0.16\slf4j-api-2.0.16.jar;C:\Users\Yantrisnandra Akbar\.m2\repository\org\jcommander\jcommander\1.83\jcommander-1.83.jar;C:\Users\Yantrisnandra Akbar\.m2\repository\org\webjars\jquery\3.7.1\jquery-3.7.1.jar;C:\Users\Yantrisnandra Akbar\.m2\repository\io\rest-assured\rest-assured\5.5.5\rest-assured-5.5.5.jar;C:\Users\Yantrisnandra Akbar\.m2\repository\org\apache\groovy\groovy\4.0.22\groovy-4.0.22.jar;C:\Users\Yantrisnandra Akbar\.m2\repository\org\apache\groovy\groovy-xml\4.0.22\groovy-xml-4.0.22.jar;C:\Users\Yantrisnandra Akbar\.m2\repository\org\apache\httpcomponents\httpclient\4.5.13\httpclient-4.5.13.jar;C:\Users\Yantrisnandra Akbar\.m2\repository\org\apache\httpcomponents\httpcore\4.4.13\httpcore-4.4.13.jar;C:\Users\Yantrisnandra Akbar\.m2\repository\commons-logging\commons-logging\1.2\commons-logging-1.2.jar;C:\Users\Yantrisnandra Akbar\.m2\repository\commons-codec\commons-codec\1.11\commons-codec-1.11.jar;C:\Users\Yantrisnandra Akbar\.m2\repository\org\apache\httpcomponents\httpmime\4.5.13\httpmime-4.5.13.jar;C:\Users\Yantrisnandra Akbar\.m2\repository\org\hamcrest\hamcrest\2.2\hamcrest-2.2.jar;C:\Users\Yantrisnandra Akbar\.m2\repository\org\ccil\cowan\tagsoup\tagsoup\1.2.1\tagsoup-1.2.1.jar;C:\Users\Yantrisnandra Akbar\.m2\repository\io\rest-assured\json-path\5.5.5\json-path-5.5.5.jar;C:\Users\Yantrisnandra Akbar\.m2\repository\org\apache\groovy\groovy-json\4.0.22\groovy-json-4.0.22.jar;C:\Users\Yantrisnandra Akbar\.m2\repository\io\rest-assured\rest-assured-common\5.5.5\rest-assured-common-5.5.5.jar;C:\Users\Yantrisnandra Akbar\.m2\repository\io\rest-assured\xml-path\5.5.5\xml-path-5.5.5.jar;C:\Users\Yantrisnandra Akbar\.m2\repository\org\apache\commons\commons-lang3\3.16.0\commons-lang3-3.16.0.jar;C:\Users\Yantrisnandra Akbar\.m2\repository\io\rest-assured\json-schema-validator\5.5.5\json-schema-validator-5.5.5.jar;C:\Users\Yantrisnandra Akbar\.m2\repository\com\github\java-json-tools\json-schema-validator\2.2.14\json-schema-validator-2.2.14.jar;C:\Users\Yantrisnandra Akbar\.m2\repository\com\github\java-json-tools\jackson-coreutils-equivalence\1.0\jackson-coreutils-equivalence-1.0.jar;C:\Users\Yantrisnandra Akbar\.m2\repository\com\github\java-json-tools\jackson-coreutils\2.0\jackson-coreutils-2.0.jar;C:\Users\Yantrisnandra Akbar\.m2\repository\com\github\java-json-tools\msg-simple\1.2\msg-simple-1.2.jar;C:\Users\Yantrisnandra Akbar\.m2\repository\com\github\java-json-tools\btf\1.3\btf-1.3.jar;C:\Users\Yantrisnandra Akbar\.m2\repository\com\github\java-json-tools\json-schema-core\1.2.14\json-schema-core-1.2.14.jar;C:\Users\Yantrisnandra Akbar\.m2\repository\com\github\java-json-tools\uri-template\0.10\uri-template-0.10.jar;C:\Users\Yantrisnandra Akbar\.m2\repository\org\mozilla\rhino\1.7.7.2\rhino-1.7.7.2.jar;C:\Users\Yantrisnandra Akbar\.m2\repository\com\sun\mail\mailapi\1.6.2\mailapi-1.6.2.jar;C:\Users\Yantrisnandra Akbar\.m2\repository\joda-time\joda-time\2.10.5\joda-time-2.10.5.jar;C:\Users\Yantrisnandra Akbar\.m2\repository\com\googlecode\libphonenumber\libphonenumber\8.11.1\libphonenumber-8.11.1.jar;C:\Users\Yantrisnandra Akbar\.m2\repository\com\google\code\findbugs\jsr305\3.0.2\jsr305-3.0.2.jar;C:\Users\Yantrisnandra Akbar\.m2\repository\net\sf\jopt-simple\jopt-simple\5.0.4\jopt-simple-5.0.4.jar;C:\Users\Yantrisnandra Akbar\.m2\repository\com\google\guava\guava\33.2.1-jre\guava-33.2.1-jre.jar;C:\Users\Yantrisnandra Akbar\.m2\repository\com\google\guava\failureaccess\1.0.2\failureaccess-1.0.2.jar;C:\Users\Yantrisnandra Akbar\.m2\repository\com\google\guava\listenablefuture\9999.0-empty-to-avoid-conflict-with-guava\listenablefuture-9999.0-empty-to-avoid-conflict-with-guava.jar;C:\Users\Yantrisnandra Akbar\.m2\repository\org\checkerframework\checker-qual\3.42.0\checker-qual-3.42.0.jar;C:\Users\Yantrisnandra Akbar\.m2\repository\com\google\errorprone\error_prone_annotations\2.26.1\error_prone_annotations-2.26.1.jar;C:\Users\Yantrisnandra Akbar\.m2\repository\com\google\j2objc\j2objc-annotations\3.0.0\j2objc-annotations-3.0.0.jar;C:\Users\Yantrisnandra Akbar\.m2\repository\com\fasterxml\jackson\core\jackson-databind\2.19.1\jackson-databind-2.19.1.jar;C:\Users\Yantrisnandra Akbar\.m2\repository\com\fasterxml\jackson\core\jackson-annotations\2.19.1\jackson-annotations-2.19.1.jar;C:\Users\Yantrisnandra Akbar\.m2\repository\com\fasterxml\jackson\core\jackson-core\2.19.1\jackson-core-2.19.1.jar;C:\Users\Yantrisnandra Akbar\.m2\repository\io\cucumber\cucumber-java\7.23.0\cucumber-java-7.23.0.jar;C:\Users\Yantrisnandra Akbar\.m2\repository\io\cucumber\cucumber-core\7.23.0\cucumber-core-7.23.0.jar;C:\Users\Yantrisnandra Akbar\.m2\repository\io\cucumber\cucumber-gherkin\7.23.0\cucumber-gherkin-7.23.0.jar;C:\Users\Yantrisnandra Akbar\.m2\repository\io\cucumber\cucumber-gherkin-messages\7.23.0\cucumber-gherkin-messages-7.23.0.jar;C:\Users\Yantrisnandra Akbar\.m2\repository\io\cucumber\gherkin\32.1.1\gherkin-32.1.1.jar;C:\Users\Yantrisnandra Akbar\.m2\repository\io\cucumber\messages\27.2.0\messages-27.2.0.jar;C:\Users\Yantrisnandra Akbar\.m2\repository\io\cucumber\testng-xml-formatter\0.3.1\testng-xml-formatter-0.3.1.jar;C:\Users\Yantrisnandra Akbar\.m2\repository\io\cucumber\query\13.4.0\query-13.4.0.jar;C:\Users\Yantrisnandra Akbar\.m2\repository\io\cucumber\tag-expressions\6.1.2\tag-expressions-6.1.2.jar;C:\Users\Yantrisnandra Akbar\.m2\repository\io\cucumber\cucumber-expressions\18.0.1\cucumber-expressions-18.0.1.jar;C:\Users\Yantrisnandra Akbar\.m2\repository\io\cucumber\datatable\7.23.0\datatable-7.23.0.jar;C:\Users\Yantrisnandra Akbar\.m2\repository\io\cucumber\cucumber-plugin\7.23.0\cucumber-plugin-7.23.0.jar;C:\Users\Yantrisnandra Akbar\.m2\repository\io\cucumber\docstring\7.23.0\docstring-7.23.0.jar;C:\Users\Yantrisnandra Akbar\.m2\repository\io\cucumber\html-formatter\21.10.1\html-formatter-21.10.1.jar;C:\Users\Yantrisnandra Akbar\.m2\repository\io\cucumber\junit-xml-formatter\0.7.1\junit-xml-formatter-0.7.1.jar;C:\Users\Yantrisnandra Akbar\.m2\repository\io\cucumber\ci-environment\10.0.1\ci-environment-10.0.1.jar;C:\Users\Yantrisnandra Akbar\.m2\repository\org\apiguardian\apiguardian-api\1.1.2\apiguardian-api-1.1.2.jar;C:\Users\Yantrisnandra Akbar\.m2\repository\io\cucumber\cucumber-testng\7.23.0\cucumber-testng-7.23.0.jar;C:\Users\Yantrisnandra Akbar\.m2\repository\org\projectlombok\lombok\1.18.38\lombok-1.18.38.jar;"/>
    <property name="java.vm.vendor" value="Oracle Corporation"/>
    <property name="sun.arch.data.model" value="64"/>
    <property name="user.variant" value=""/>
    <property name="java.vendor.url" value="https://java.oracle.com/"/>
    <property name="user.timezone" value="Asia/Jakarta"/>
    <property name="suiteXmlFile" value="src/test/resources/cucumberRunner.xml"/>
    <property name="os.name" value="Windows 11"/>
    <property name="java.vm.specification.version" value="17"/>
    <property name="sun.java.launcher" value="SUN_STANDARD"/>
    <property name="user.country" value="ID"/>
    <property name="sun.boot.library.path" value="C:\Program Files\Java\jdk-17\bin"/>
    <property name="sun.java.command" value="C:\Users\Yantrisnandra Akbar\AppData\Local\Temp\surefire6142348722912815169\surefirebooter-20250710122709426_3.jar C:\Users\Yantrisnandra Akbar\AppData\Local\Temp\surefire6142348722912815169 2025-07-10T12-27-08_833-jvmRun1 surefire-20250710122709426_1tmp surefire_0-20250710122709426_2tmp"/>
    <property name="jdk.debug" value="release"/>
    <property name="surefire.test.class.path" value="C:\Users\Yantrisnandra Akbar\Downloads\Selenium-DemoQA\target\test-classes;C:\Users\Yantrisnandra Akbar\Downloads\Selenium-DemoQA\target\classes;C:\Users\Yantrisnandra Akbar\.m2\repository\org\testng\testng\7.11.0\testng-7.11.0.jar;C:\Users\Yantrisnandra Akbar\.m2\repository\org\slf4j\slf4j-api\2.0.16\slf4j-api-2.0.16.jar;C:\Users\Yantrisnandra Akbar\.m2\repository\org\jcommander\jcommander\1.83\jcommander-1.83.jar;C:\Users\Yantrisnandra Akbar\.m2\repository\org\webjars\jquery\3.7.1\jquery-3.7.1.jar;C:\Users\Yantrisnandra Akbar\.m2\repository\io\rest-assured\rest-assured\5.5.5\rest-assured-5.5.5.jar;C:\Users\Yantrisnandra Akbar\.m2\repository\org\apache\groovy\groovy\4.0.22\groovy-4.0.22.jar;C:\Users\Yantrisnandra Akbar\.m2\repository\org\apache\groovy\groovy-xml\4.0.22\groovy-xml-4.0.22.jar;C:\Users\Yantrisnandra Akbar\.m2\repository\org\apache\httpcomponents\httpclient\4.5.13\httpclient-4.5.13.jar;C:\Users\Yantrisnandra Akbar\.m2\repository\org\apache\httpcomponents\httpcore\4.4.13\httpcore-4.4.13.jar;C:\Users\Yantrisnandra Akbar\.m2\repository\commons-logging\commons-logging\1.2\commons-logging-1.2.jar;C:\Users\Yantrisnandra Akbar\.m2\repository\commons-codec\commons-codec\1.11\commons-codec-1.11.jar;C:\Users\Yantrisnandra Akbar\.m2\repository\org\apache\httpcomponents\httpmime\4.5.13\httpmime-4.5.13.jar;C:\Users\Yantrisnandra Akbar\.m2\repository\org\hamcrest\hamcrest\2.2\hamcrest-2.2.jar;C:\Users\Yantrisnandra Akbar\.m2\repository\org\ccil\cowan\tagsoup\tagsoup\1.2.1\tagsoup-1.2.1.jar;C:\Users\Yantrisnandra Akbar\.m2\repository\io\rest-assured\json-path\5.5.5\json-path-5.5.5.jar;C:\Users\Yantrisnandra Akbar\.m2\repository\org\apache\groovy\groovy-json\4.0.22\groovy-json-4.0.22.jar;C:\Users\Yantrisnandra Akbar\.m2\repository\io\rest-assured\rest-assured-common\5.5.5\rest-assured-common-5.5.5.jar;C:\Users\Yantrisnandra Akbar\.m2\repository\io\rest-assured\xml-path\5.5.5\xml-path-5.5.5.jar;C:\Users\Yantrisnandra Akbar\.m2\repository\org\apache\commons\commons-lang3\3.16.0\commons-lang3-3.16.0.jar;C:\Users\Yantrisnandra Akbar\.m2\repository\io\rest-assured\json-schema-validator\5.5.5\json-schema-validator-5.5.5.jar;C:\Users\Yantrisnandra Akbar\.m2\repository\com\github\java-json-tools\json-schema-validator\2.2.14\json-schema-validator-2.2.14.jar;C:\Users\Yantrisnandra Akbar\.m2\repository\com\github\java-json-tools\jackson-coreutils-equivalence\1.0\jackson-coreutils-equivalence-1.0.jar;C:\Users\Yantrisnandra Akbar\.m2\repository\com\github\java-json-tools\jackson-coreutils\2.0\jackson-coreutils-2.0.jar;C:\Users\Yantrisnandra Akbar\.m2\repository\com\github\java-json-tools\msg-simple\1.2\msg-simple-1.2.jar;C:\Users\Yantrisnandra Akbar\.m2\repository\com\github\java-json-tools\btf\1.3\btf-1.3.jar;C:\Users\Yantrisnandra Akbar\.m2\repository\com\github\java-json-tools\json-schema-core\1.2.14\json-schema-core-1.2.14.jar;C:\Users\Yantrisnandra Akbar\.m2\repository\com\github\java-json-tools\uri-template\0.10\uri-template-0.10.jar;C:\Users\Yantrisnandra Akbar\.m2\repository\org\mozilla\rhino\1.7.7.2\rhino-1.7.7.2.jar;C:\Users\Yantrisnandra Akbar\.m2\repository\com\sun\mail\mailapi\1.6.2\mailapi-1.6.2.jar;C:\Users\Yantrisnandra Akbar\.m2\repository\joda-time\joda-time\2.10.5\joda-time-2.10.5.jar;C:\Users\Yantrisnandra Akbar\.m2\repository\com\googlecode\libphonenumber\libphonenumber\8.11.1\libphonenumber-8.11.1.jar;C:\Users\Yantrisnandra Akbar\.m2\repository\com\google\code\findbugs\jsr305\3.0.2\jsr305-3.0.2.jar;C:\Users\Yantrisnandra Akbar\.m2\repository\net\sf\jopt-simple\jopt-simple\5.0.4\jopt-simple-5.0.4.jar;C:\Users\Yantrisnandra Akbar\.m2\repository\com\google\guava\guava\33.2.1-jre\guava-33.2.1-jre.jar;C:\Users\Yantrisnandra Akbar\.m2\repository\com\google\guava\failureaccess\1.0.2\failureaccess-1.0.2.jar;C:\Users\Yantrisnandra Akbar\.m2\repository\com\google\guava\listenablefuture\9999.0-empty-to-avoid-conflict-with-guava\listenablefuture-9999.0-empty-to-avoid-conflict-with-guava.jar;C:\Users\Yantrisnandra Akbar\.m2\repository\org\checkerframework\checker-qual\3.42.0\checker-qual-3.42.0.jar;C:\Users\Yantrisnandra Akbar\.m2\repository\com\google\errorprone\error_prone_annotations\2.26.1\error_prone_annotations-2.26.1.jar;C:\Users\Yantrisnandra Akbar\.m2\repository\com\google\j2objc\j2objc-annotations\3.0.0\j2objc-annotations-3.0.0.jar;C:\Users\Yantrisnandra Akbar\.m2\repository\com\fasterxml\jackson\core\jackson-databind\2.19.1\jackson-databind-2.19.1.jar;C:\Users\Yantrisnandra Akbar\.m2\repository\com\fasterxml\jackson\core\jackson-annotations\2.19.1\jackson-annotations-2.19.1.jar;C:\Users\Yantrisnandra Akbar\.m2\repository\com\fasterxml\jackson\core\jackson-core\2.19.1\jackson-core-2.19.1.jar;C:\Users\Yantrisnandra Akbar\.m2\repository\io\cucumber\cucumber-java\7.23.0\cucumber-java-7.23.0.jar;C:\Users\Yantrisnandra Akbar\.m2\repository\io\cucumber\cucumber-core\7.23.0\cucumber-core-7.23.0.jar;C:\Users\Yantrisnandra Akbar\.m2\repository\io\cucumber\cucumber-gherkin\7.23.0\cucumber-gherkin-7.23.0.jar;C:\Users\Yantrisnandra Akbar\.m2\repository\io\cucumber\cucumber-gherkin-messages\7.23.0\cucumber-gherkin-messages-7.23.0.jar;C:\Users\Yantrisnandra Akbar\.m2\repository\io\cucumber\gherkin\32.1.1\gherkin-32.1.1.jar;C:\Users\Yantrisnandra Akbar\.m2\repository\io\cucumber\messages\27.2.0\messages-27.2.0.jar;C:\Users\Yantrisnandra Akbar\.m2\repository\io\cucumber\testng-xml-formatter\0.3.1\testng-xml-formatter-0.3.1.jar;C:\Users\Yantrisnandra Akbar\.m2\repository\io\cucumber\query\13.4.0\query-13.4.0.jar;C:\Users\Yantrisnandra Akbar\.m2\repository\io\cucumber\tag-expressions\6.1.2\tag-expressions-6.1.2.jar;C:\Users\Yantrisnandra Akbar\.m2\repository\io\cucumber\cucumber-expressions\18.0.1\cucumber-expressions-18.0.1.jar;C:\Users\Yantrisnandra Akbar\.m2\repository\io\cucumber\datatable\7.23.0\datatable-7.23.0.jar;C:\Users\Yantrisnandra Akbar\.m2\repository\io\cucumber\cucumber-plugin\7.23.0\cucumber-plugin-7.23.0.jar;C:\Users\Yantrisnandra Akbar\.m2\repository\io\cucumber\docstring\7.23.0\docstring-7.23.0.jar;C:\Users\Yantrisnandra Akbar\.m2\repository\io\cucumber\html-formatter\21.10.1\html-formatter-21.10.1.jar;C:\Users\Yantrisnandra Akbar\.m2\repository\io\cucumber\junit-xml-formatter\0.7.1\junit-xml-formatter-0.7.1.jar;C:\Users\Yantrisnandra Akbar\.m2\repository\io\cucumber\ci-environment\10.0.1\ci-environment-10.0.1.jar;C:\Users\Yantrisnandra Akbar\.m2\repository\org\apiguardian\apiguardian-api\1.1.2\apiguardian-api-1.1.2.jar;C:\Users\Yantrisnandra Akbar\.m2\repository\io\cucumber\cucumber-testng\7.23.0\cucumber-testng-7.23.0.jar;C:\Users\Yantrisnandra Akbar\.m2\repository\org\projectlombok\lombok\1.18.38\lombok-1.18.38.jar;"/>
    <property name="sun.cpu.endian" value="little"/>
    <property name="user.home" value="C:\Users\Yantrisnandra Akbar"/>
    <property name="user.language" value="en"/>
    <property name="java.specification.vendor" value="Oracle Corporation"/>
    <property name="java.version.date" value="2024-07-16"/>
    <property name="java.home" value="C:\Program Files\Java\jdk-17"/>
    <property name="file.separator" value="\"/>
    <property name="basedir" value="C:\Users\Yantrisnandra Akbar\Downloads\Selenium-DemoQA"/>
    <property name="java.vm.compressedOopsMode" value="Zero based"/>
    <property name="line.separator" value="&#10;"/>
    <property name="java.vm.specification.vendor" value="Oracle Corporation"/>
    <property name="java.specification.name" value="Java Platform API Specification"/>
    <property name="surefire.real.class.path" value="C:\Users\Yantrisnandra Akbar\AppData\Local\Temp\surefire6142348722912815169\surefirebooter-20250710122709426_3.jar"/>
    <property name="user.script" value=""/>
    <property name="sun.management.compiler" value="HotSpot 64-Bit Tiered Compilers"/>
    <property name="java.runtime.version" value="17.0.12+8-LTS-286"/>
    <property name="user.name" value="Yantrisnandra Akbar"/>
    <property name="path.separator" value=";"/>
    <property name="os.version" value="10.0"/>
    <property name="java.runtime.name" value="Java(TM) SE Runtime Environment"/>
    <property name="file.encoding" value="Cp1252"/>
    <property name="java.vm.name" value="Java HotSpot(TM) 64-Bit Server VM"/>
    <property name="localRepository" value="C:\Users\Yantrisnandra Akbar\.m2\repository"/>
    <property name="java.vendor.url.bug" value="https://bugreport.java.com/bugreport/"/>
    <property name="java.io.tmpdir" value="C:\Users\YANTRI~1\AppData\Local\Temp\"/>
    <property name="java.version" value="17.0.12"/>
    <property name="user.dir" value="C:\Users\Yantrisnandra Akbar\Downloads\Selenium-DemoQA"/>
    <property name="os.arch" value="amd64"/>
    <property name="java.vm.specification.name" value="Java Virtual Machine Specification"/>
    <property name="sun.os.patch.level" value=""/>
    <property name="native.encoding" value="Cp1252"/>
    <property name="java.library.path" value="C:\Program Files\Java\jdk-17\bin;C:\WINDOWS\Sun\Java\bin;C:\WINDOWS\system32;C:\WINDOWS;C:\WINDOWS\system32;C:\WINDOWS;C:\WINDOWS\System32\Wbem;C:\WINDOWS\System32\WindowsPowerShell\v1.0\;C:\WINDOWS\System32\OpenSSH\;C:\Program Files (x86)\Microsoft SQL Server\150\DTS\Binn\;C:\Program Files\Azure Data Studio\bin;C:\File Kerja\Aplikasi\apache-maven-3.9.9-bin\apache-maven-3.9.9\bin;C:\Program Files\Git\cmd;C:\Program Files (x86)\Microsoft SQL Server\160\DTS\Binn\;C:\Program Files\nodejs\;C:\Program Files\PostgreSQL\17\bin;C:\Program Files (x86)\Microsoft SQL Server\160\Tools\Binn\;C:\Program Files\Microsoft SQL Server\160\Tools\Binn\;C:\Program Files\Microsoft SQL Server\Client SDK\ODBC\170\Tools\Binn\;C:\Program Files\Microsoft SQL Server\160\DTS\Binn\;C:\Program Files\Java\jdk-17;C:\File Kerja\Aplikasi\apache-jmeter-5.6.3\apache-jmeter-5.6.3\bin;C:\Users\Yantrisnandra Akbar\AppData\Local\Microsoft\WindowsApps;C:\Program Files\Azure Data Studio\bin;C:\Program Files\JetBrains\IntelliJ IDEA 2024.2.2\bin;;C:\Program Files\JetBrains\IntelliJ IDEA Community Edition 2024.2.2\bin;;C:\File Kerja\Aplikasi\Microsoft VS Code\bin;C:\Users\Yantrisnandra Akbar\AppData\Roaming\npm;C:\Program Files\PostgreSQL\17\bin;;c:\Users\Yantrisnandra Akbar\AppData\Roaming\Code\User\globalStorage\github.copilot-chat\debugCommand;."/>
    <property name="java.vm.info" value="mixed mode, sharing"/>
    <property name="java.vendor" value="Oracle Corporation"/>
    <property name="java.vm.version" value="17.0.12+8-LTS-286"/>
    <property name="sun.io.unicode.encoding" value="UnicodeLittle"/>
    <property name="java.class.version" value="61.0"/>
  </properties>
  <testcase name="runScenario[&quot;Create Employee&quot;, &quot;Employee API&quot;](1)" classname="cucumber.runner.cucumberRunner" time="5.057">
    <system-out><![CDATA[
Scenario: Create Employee                                                     # src/test/java/cucumber/features/Employee.feature:6
  Given The Base URL in This Feature is "https://whitesmokehouse.com/webhook" # cucumber.definitions.EmployeeDefinition.theBaseURLInThisFeatureIs(java.lang.String)
Add Employee Test
  When Send a "POST" Request to "/employee/add" with the following body:      # cucumber.definitions.EmployeeDefinition.sendRequest(java.lang.String,java.lang.String,java.lang.String)
    """
    {
        "email": "Valorant0000000000016@Test.com",
        "password": "test99",
        "full_name": "fifi noela",
        "department": "IT",
        "title": "QA"
    }
    """
  Then The Response Status Code should be 200                                 # cucumber.definitions.EmployeeDefinition.theResponseStatusCodeShouldBe(int)
  And The Response Schema should be valid against "RegisterSchema.json"       # cucumber.definitions.EmployeeDefinition.theResponseBodyShouldContain(java.lang.String)
]]></system-out>
    <system-err><![CDATA[SLF4J(W): No SLF4J providers were found.
SLF4J(W): Defaulting to no-operation (NOP) logger implementation
SLF4J(W): See https://www.slf4j.org/codes.html#noProviders for further details.
]]></system-err>
  </testcase>
  <testcase name="runScenario[&quot;Login Employee&quot;, &quot;Employee API&quot;](2)" classname="cucumber.runner.cucumberRunner" time="2.264">
    <system-out><![CDATA[
Scenario: Login Employee                                                      # src/test/java/cucumber/features/Employee.feature:20
  Given The Base URL in This Feature is "https://whitesmokehouse.com/webhook" # cucumber.definitions.EmployeeDefinition.theBaseURLInThisFeatureIs(java.lang.String)
Add Employee Test
  When Send a "POST" Request to "/employee/login" with the following body:    # cucumber.definitions.EmployeeDefinition.sendRequest(java.lang.String,java.lang.String,java.lang.String)
    """
    {
        "email": "Valorant0000000000016@Test.com",
        "password": "test99"
    }
    """
  Then The Response Status Code should be 200                                 # cucumber.definitions.EmployeeDefinition.theResponseStatusCodeShouldBe(int)
  And The Response Schema should be valid against "LoginSchema.json"          # cucumber.definitions.EmployeeDefinition.theResponseBodyShouldContain(java.lang.String)
  And Save Token to local variable                                            # cucumber.definitions.EmployeeDefinition.saveTokenToVariable()
]]></system-out>
  </testcase>
  <testcase name="runScenario[&quot;Update Employee&quot;, &quot;Employee API&quot;](3)" classname="cucumber.runner.cucumberRunner" time="0.921">
    <system-out><![CDATA[
Scenario: Update Employee                                                     # src/test/java/cucumber/features/Employee.feature:32
  Given The Base URL in This Feature is "https://whitesmokehouse.com/webhook" # cucumber.definitions.EmployeeDefinition.theBaseURLInThisFeatureIs(java.lang.String)
  Given Make Sure Token is Not Empty                                          # cucumber.definitions.EmployeeDefinition.makeSureTokenIsNotEmpty()
Add Employee Test
  When Send a "PUT" Request to "/employee/update" with the following body:    # cucumber.definitions.EmployeeDefinition.sendRequest(java.lang.String,java.lang.String,java.lang.String)
    """
    {
        "email": "Valorant0000000000016@Test.com",
        "password": "test99",
        "full_name": "fifi Update",
        "department": "IT Update",
        "title": "QA Update"
    }
    """
  Then The Response Status Code should be 200                                 # cucumber.definitions.EmployeeDefinition.theResponseStatusCodeShouldBe(int)
  And Full Name in The Response Body should be "fifi Update"                  # cucumber.definitions.EmployeeDefinition.fullNameShouldBe(java.lang.String)
  And Department in The Response Body should be "IT Update"                   # cucumber.definitions.EmployeeDefinition.departmentShouldBe(java.lang.String)
  And Title in The Response Body should be "QA Update"                        # cucumber.definitions.EmployeeDefinition.titleShouldBe(java.lang.String)
]]></system-out>
  </testcase>
  <testcase name="runScenario[&quot;Get Employee&quot;, &quot;Employee API&quot;](4)" classname="cucumber.runner.cucumberRunner" time="0.85">
    <system-out><![CDATA[
Scenario: Get Employee                                                        # src/test/java/cucumber/features/Employee.feature:49
  Given The Base URL in This Feature is "https://whitesmokehouse.com/webhook" # cucumber.definitions.EmployeeDefinition.theBaseURLInThisFeatureIs(java.lang.String)
  Given Make Sure Token is Not Empty                                          # cucumber.definitions.EmployeeDefinition.makeSureTokenIsNotEmpty()
Add Employee Test
  When Send a "GET" Request to "/employee/get" with the following body:       # cucumber.definitions.EmployeeDefinition.sendRequest(java.lang.String,java.lang.String,java.lang.String)
    """
    {}
    """
  Then The Response Status Code should be 200                                 # cucumber.definitions.EmployeeDefinition.theResponseStatusCodeShouldBe(int)
  And Full Name in The Response Body should be "fifi Update"                  # cucumber.definitions.EmployeeDefinition.fullNameShouldBe(java.lang.String)
  And Department in The Response Body should be "IT Update"                   # cucumber.definitions.EmployeeDefinition.departmentShouldBe(java.lang.String)
  And Title in The Response Body should be "QA Update"                        # cucumber.definitions.EmployeeDefinition.titleShouldBe(java.lang.String)
]]></system-out>
  </testcase>
  <testcase name="runScenario[&quot;Delete Employee&quot;, &quot;Employee API&quot;](5)" classname="cucumber.runner.cucumberRunner" time="4.436">
    <failure message="Status code does not match expected [300] but found [200]" type="java.lang.AssertionError"><![CDATA[java.lang.AssertionError: Status code does not match expected [300] but found [200]
	at org.testng.Assert.fail(Assert.java:111)
	at org.testng.Assert.failNotEquals(Assert.java:1590)
	at org.testng.Assert.assertEqualsImpl(Assert.java:150)
	at org.testng.Assert.assertEquals(Assert.java:132)
	at org.testng.Assert.assertEquals(Assert.java:1431)
	at org.testng.Assert.assertEquals(Assert.java:1395)
	at cucumber.definitions.EmployeeDefinition.theResponseStatusCodeShouldBe(EmployeeDefinition.java:52)
	at ✽.The Response Status Code should be 300(file:///C:/Users/Yantrisnandra%20Akbar/Downloads/Selenium-DemoQA/src/test/java/cucumber/features/Employee.feature:69)
]]></failure>
    <system-out><![CDATA[
Scenario: Delete Employee                                                     # src/test/java/cucumber/features/Employee.feature:60
  Given The Base URL in This Feature is "https://whitesmokehouse.com/webhook" # cucumber.definitions.EmployeeDefinition.theBaseURLInThisFeatureIs(java.lang.String)
  Given Make Sure Token is Not Empty                                          # cucumber.definitions.EmployeeDefinition.makeSureTokenIsNotEmpty()
Add Employee Test
  When Send a "DELETE" Request to "/employee/delete" with the following body: # cucumber.definitions.EmployeeDefinition.sendRequest(java.lang.String,java.lang.String,java.lang.String)
    """
    {
        "email": "Valorant0000000000016@Test.com",
        "password": "test99"
    }
    """
  Then The Response Status Code should be 300                                 # cucumber.definitions.EmployeeDefinition.theResponseStatusCodeShouldBe(int)
      java.lang.AssertionError: Status code does not match expected [300] but found [200]
      	at org.testng.Assert.fail(Assert.java:111)
      	at org.testng.Assert.failNotEquals(Assert.java:1590)
      	at org.testng.Assert.assertEqualsImpl(Assert.java:150)
      	at org.testng.Assert.assertEquals(Assert.java:132)
      	at org.testng.Assert.assertEquals(Assert.java:1431)
      	at org.testng.Assert.assertEquals(Assert.java:1395)
      	at cucumber.definitions.EmployeeDefinition.theResponseStatusCodeShouldBe(EmployeeDefinition.java:52)
      	at âœ½.The Response Status Code should be 300(file:///C:/Users/Yantrisnandra%20Akbar/Downloads/Selenium-DemoQA/src/test/java/cucumber/features/Employee.feature:69)
]]></system-out>
  </testcase>
</testsuite>