<?xml version="1.0" encoding="UTF-8"?>
<!-- Generated by org.testng.reporters.JUnitReportReporter -->
<testsuite hostname="PW08SQTV-TPL14" failures="0" tests="1" name="demoQA.test" time="0.005" errors="0" timestamp="2025-06-20T21:44:53 WIB" skipped="0">
  <testcase classname="demoQA.test" name="sampleTest" time="0.005"/>
</testsuite> <!-- demoQA.test -->
