<?xml version="1.0" encoding="UTF-8"?>
<!-- Generated by org.testng.reporters.JUnitReportReporter -->
<testsuite hostname="PW08SQTV-TPL14" failures="0" tests="2" name="selenium.Alert" time="3.148" errors="0" timestamp="2025-08-04T07:20:32 WIB" skipped="0">
  <testcase classname="selenium.Alert" name="testIFrame" time="0.564"/>
  <testcase classname="selenium.Alert" name="testAlert" time="2.584"/>
</testsuite> <!-- selenium.Alert -->
