<?xml version="1.0" encoding="UTF-8"?>
<!-- Generated by org.testng.reporters.JUnitReportReporter -->
<testsuite hostname="PW08SQTV-TPL14" failures="0" tests="4" name="selenium.ChooseDestination" time="3.381" errors="0" timestamp="2025-08-01T23:52:26 WIB" skipped="0">
  <testcase classname="selenium.ChooseDestination" name="selectDestinationCity" time="0.510"/>
  <testcase classname="selenium.ChooseDestination" name="selectDate" time="0.592"/>
  <testcase classname="selenium.ChooseDestination" name="clickButtonSearch" time="1.568"/>
  <testcase classname="selenium.ChooseDestination" name="searchFlight" time="0.711"/>
</testsuite> <!-- selenium.ChooseDestination -->
