<?xml version="1.0" encoding="UTF-8"?>
<!-- Generated by org.testng.reporters.JUnitReportReporter -->
<testsuite hostname="PW08SQTV-TPL14" failures="0" tests="2" name="selenium.locator" time="0.627" errors="0" timestamp="2025-07-23T15:08:15 WIB" skipped="0">
  <testcase classname="selenium.locator" name="fillPassword" time="0.248"/>
  <testcase classname="selenium.locator" name="fillEmail" time="0.379"/>
</testsuite> <!-- selenium.locator -->
