<?xml version="1.0" encoding="UTF-8"?>
<!-- Generated by org.testng.reporters.JUnitReportReporter -->
<testsuite hostname="PW08SQTV-TPL14" failures="0" tests="1" name="selenium.FailedLogin" time="6.513" errors="0" timestamp="2025-07-23T18:49:31 WIB" skipped="0">
  <testcase classname="selenium.FailedLogin" name="testFailedLogin" time="6.513"/>
</testsuite> <!-- selenium.FailedLogin -->
