<?xml version="1.0" encoding="UTF-8"?>
<!-- Generated by org.testng.reporters.JUnitReportReporter -->
<testsuite hostname="LAPTOP-U3HGJ6I9" failures="0" tests="1" name="restassured.EmployeeTest" time="2.487" errors="0" timestamp="2025-07-03T18:37:02 ICT" skipped="0">
  <testcase classname="restassured.EmployeeTest" name="getCurrentEmployeeTest" time="2.487"/>
</testsuite> <!-- restassured.EmployeeTest -->
