<?xml version="1.0" encoding="UTF-8"?>
<!-- Generated by org.testng.reporters.JUnitReportReporter -->
<testsuite hostname="PW08SQTV-TPL14" failures="0" tests="1" name="seleniumPageFactory.testSuites.E2ECheckout" time="21.496" errors="0" timestamp="2025-08-08T13:35:33 WIB" skipped="0">
  <testcase classname="seleniumPageFactory.testSuites.E2ECheckout" name="doCheckoutFlow" time="21.496"/>
</testsuite> <!-- seleniumPageFactory.testSuites.E2ECheckout -->
