<?xml version="1.0" encoding="UTF-8"?>
<!-- Generated by org.testng.reporters.JUnitReportReporter -->
<testsuite hostname="PW08SQTV-TPL14" failures="0" tests="3" name="selenium.ForgotPassword" time="11.545" errors="0" timestamp="2025-07-23T18:49:31 WIB" skipped="0">
  <testcase classname="selenium.ForgotPassword" name="getPasswordAndTryLogin" time="6.223"/>
  <testcase classname="selenium.ForgotPassword" name="fillAllFields" time="2.921"/>
  <testcase classname="selenium.ForgotPassword" name="clickForgotPassword" time="2.401"/>
</testsuite> <!-- selenium.ForgotPassword -->
