<?xml version="1.0" encoding="UTF-8"?>
<!-- Generated by org.testng.reporters.JUnitReportReporter -->
<testsuite hostname="PW08SQTV-TPL14" failures="0" tests="1" name="restassured.EmployeeTest" time="2.846" errors="0" timestamp="2025-07-03T16:47:35 WIB" skipped="0">
  <testcase classname="restassured.EmployeeTest" name="getCurrentEmployeeTest" time="2.846"/>
</testsuite> <!-- restassured.EmployeeTest -->
