<?xml version="1.0" encoding="UTF-8"?>
<!-- Generated by org.testng.reporters.JUnitReportReporter -->
<testsuite hostname="PW08SQTV-TPL14" failures="0" tests="3" name="demoQA.TestFirst" time="3.049" errors="0" timestamp="2025-07-02T16:05:14 WIB" skipped="0">
  <testcase classname="demoQA.TestFirst" name="firstTest" time="1.028"/>
  <testcase classname="demoQA.TestFirst" name="secondTest" time="1.011"/>
  <testcase classname="demoQA.TestFirst" name="ThridTest" time="1.010"/>
</testsuite> <!-- demoQA.TestFirst -->
