<?xml version="1.0" encoding="UTF-8"?>
<!-- Generated by org.testng.reporters.JUnitReportReporter -->
<testsuite hostname="PW08SQTV-TPL14" failures="0" tests="1" name="selenium.Alert" time="2.530" errors="0" timestamp="2025-08-02T00:08:44 WIB" skipped="0">
  <testcase classname="selenium.Alert" name="testAlert" time="2.530"/>
</testsuite> <!-- selenium.Alert -->
