<?xml version="1.0" encoding="UTF-8"?>
<!-- Generated by org.testng.reporters.JUnitReportReporter -->
<testsuite hostname="PW08SQTV-TPL14" failures="0" tests="4" name="demoQA.RetryTest" time="0.033" errors="0" timestamp="2025-07-02T14:48:02 WIB" skipped="3">
  <testcase classname="demoQA.RetryTest" name="sampleTest" time="0.000">
    <skipped/>
  </testcase> <!-- sampleTest -->
  <testcase classname="demoQA.RetryTest" name="sampleTest" time="0.030">
    <skipped/>
  </testcase> <!-- sampleTest -->
  <testcase classname="demoQA.RetryTest" name="sampleTest" time="0.003">
    <skipped/>
  </testcase> <!-- sampleTest -->
  <testcase classname="demoQA.RetryTest" name="sampleTest" time="0.000"/>
</testsuite> <!-- demoQA.RetryTest -->
