<?xml version="1.0" encoding="UTF-8"?>
<!-- Generated by org.testng.reporters.JUnitReportReporter -->
<testsuite hostname="PW08SQTV-TPL14" failures="0" tests="5" name="cucumber.runner.cucumberRunner" time="8.928" errors="0" timestamp="2025-07-10T12:37:11 WIB" skipped="0">
  <testcase classname="cucumber.runner.cucumberRunner" name="runScenario" time="0.802"/>
  <testcase classname="cucumber.runner.cucumberRunner" name="runScenario" time="0.687"/>
  <testcase classname="cucumber.runner.cucumberRunner" name="runScenario" time="0.683"/>
  <testcase classname="cucumber.runner.cucumberRunner" name="runScenario" time="4.229"/>
  <testcase classname="cucumber.runner.cucumberRunner" name="runScenario" time="2.527"/>
</testsuite> <!-- cucumber.runner.cucumberRunner -->
