<?xml version="1.0" encoding="UTF-8"?>
<!-- Generated by org.testng.reporters.JUnitReportReporter -->
<testsuite hostname="PW08SQTV-TPL14" failures="0" tests="3" name="demoQA.TestDataProvider" time="0.016" errors="0" timestamp="2025-07-02T13:46:06 WIB" skipped="0">
  <testcase classname="demoQA.TestDataProvider" name="testMethod" time="0.015"/>
  <testcase classname="demoQA.TestDataProvider" name="testMethod" time="0.000"/>
  <testcase classname="demoQA.TestDataProvider" name="testMethod" time="0.001"/>
</testsuite> <!-- demoQA.TestDataProvider -->
