<?xml version="1.0" encoding="UTF-8"?>
<!-- Generated by org.testng.reporters.JUnitReportReporter -->
<testsuite hostname="LAPTOP-U3HGJ6I9" failures="0" tests="1" name="seleniumPageFactory.cucumber.runner.runner" time="44.525" errors="0" timestamp="2025-08-06T20:33:32 ICT" skipped="0">
  <testcase classname="seleniumPageFactory.cucumber.runner.runner" name="runScenario" time="44.525"/>
</testsuite> <!-- seleniumPageFactory.cucumber.runner.runner -->
