<?xml version="1.0" encoding="UTF-8"?>
<!-- Generated by org.testng.reporters.JUnitReportReporter -->
<testsuite hostname="PW08SQTV-TPL14" failures="0" tests="3" name="restassured.AddEmployeeTest" time="5.825" errors="0" timestamp="2025-07-07T10:07:43 WIB" skipped="0">
  <testcase classname="restassured.AddEmployeeTest" name="AddNewEmployeeTest" time="4.247"/>
  <testcase classname="restassured.AddEmployeeTest" name="deleteEmployeeTest" time="0.722"/>
  <testcase classname="restassured.AddEmployeeTest" name="LoginEmployeeTest" time="0.856"/>
</testsuite> <!-- restassured.AddEmployeeTest -->
