<?xml version="1.0" encoding="UTF-8"?>
<!-- Generated by org.testng.reporters.JUnitReportReporter -->
<testsuite hostname="PW08SQTV-TPL14" failures="5" tests="5" name="cucumber.runner.cucumberRunner" time="42.841" errors="0" timestamp="2025-07-15T20:55:33 WIB" skipped="0">
  <testcase classname="cucumber.runner.cucumberRunner" name="runScenario" time="0.013">
    <failure message="Token in context null" type="java.lang.AssertionError">
      <![CDATA[java.lang.AssertionError: Token in context null
at cucumber.definitions.EmployeeDefinitionsRefactor.assert_token_in_variable(EmployeeDefinitionsRefactor.java:58)
at ✽.Make sure token in local storage not empty(file:///C:/Users/Yantrisnandra%20Akbar/Downloads/Selenium-DemoQA/src/test/java/cucumber/features/EmployeeRefactor.feature:30)
]]>
    </failure>
  </testcase> <!-- runScenario -->
  <testcase classname="cucumber.runner.cucumberRunner" name="runScenario" time="0.010">
    <failure message="Token in context null" type="java.lang.AssertionError">
      <![CDATA[java.lang.AssertionError: Token in context null
at cucumber.definitions.EmployeeDefinitionsRefactor.assert_token_in_variable(EmployeeDefinitionsRefactor.java:58)
at ✽.Make sure token in local storage not empty(file:///C:/Users/Yantrisnandra%20Akbar/Downloads/Selenium-DemoQA/src/test/java/cucumber/features/EmployeeRefactor.feature:55)
]]>
    </failure>
  </testcase> <!-- runScenario -->
  <testcase classname="cucumber.runner.cucumberRunner" name="runScenario" time="19.691">
    <failure message="Error, due to actual status code is 522" type="java.lang.AssertionError">
      <![CDATA[java.lang.AssertionError: Error, due to actual status code is 522
at cucumber.definitions.EmployeeDefinitionsRefactor.send_request_http(EmployeeDefinitionsRefactor.java:43)
at ✽.The response status must be 200(file:///C:/Users/Yantrisnandra%20Akbar/Downloads/Selenium-DemoQA/src/test/java/cucumber/features/EmployeeRefactor.feature:26)
]]>
    </failure>
  </testcase> <!-- runScenario -->
  <testcase classname="cucumber.runner.cucumberRunner" name="runScenario" time="23.105">
    <failure message="Error, due to actual status code is 522" type="java.lang.AssertionError">
      <![CDATA[java.lang.AssertionError: Error, due to actual status code is 522
at cucumber.definitions.EmployeeDefinitionsRefactor.send_request_http(EmployeeDefinitionsRefactor.java:43)
at ✽.The response status must be 200(file:///C:/Users/Yantrisnandra%20Akbar/Downloads/Selenium-DemoQA/src/test/java/cucumber/features/EmployeeRefactor.feature:15)
]]>
    </failure>
  </testcase> <!-- runScenario -->
  <testcase classname="cucumber.runner.cucumberRunner" name="runScenario" time="0.022">
    <failure message="Token in context null" type="java.lang.AssertionError">
      <![CDATA[java.lang.AssertionError: Token in context null
at cucumber.definitions.EmployeeDefinitionsRefactor.assert_token_in_variable(EmployeeDefinitionsRefactor.java:58)
at ✽.Make sure token in local storage not empty(file:///C:/Users/Yantrisnandra%20Akbar/Downloads/Selenium-DemoQA/src/test/java/cucumber/features/EmployeeRefactor.feature:47)
]]>
    </failure>
  </testcase> <!-- runScenario -->
</testsuite> <!-- cucumber.runner.cucumberRunner -->
