<?xml version="1.0" encoding="UTF-8"?>
<!-- Generated by org.testng.reporters.JUnitReportReporter -->
<testsuite hostname="PW08SQTV-TPL14" failures="0" tests="1" name="demoQA.AssertTest" time="0.013" errors="0" timestamp="2025-07-02T15:30:44 WIB" skipped="0">
  <testcase classname="demoQA.AssertTest" name="main" time="0.013"/>
</testsuite> <!-- demoQA.AssertTest -->
