<?xml version="1.0" encoding="UTF-8"?>
<!-- Generated by org.testng.reporters.JUnitReportReporter -->
<testsuite hostname="LAPTOP-U3HGJ6I9" failures="0" tests="1" name="seleniumPageFactory.testSuites.E2ECheckout" time="16.419" errors="0" timestamp="2025-08-06T17:42:31 ICT" skipped="0">
  <testcase classname="seleniumPageFactory.testSuites.E2ECheckout" name="doCheckoutFlow" time="16.419"/>
</testsuite> <!-- seleniumPageFactory.testSuites.E2ECheckout -->
